[INFO] 22:39:44:893 MEM/(8228:8228): *************** NUEVO LOG ***************
[ERROR] 22:39:44:893 MEM/(8228:8228): No se pudo abrir el archivo de configuración.
[ERROR] 22:39:44:893 MEM/(8228:8228): No se encontro el archivo de configuracion
[INFO] 22:39:44:893 MEM/(8228:8228): ********* FIN DEL PROCESO FM9 *********
[INFO] 22:40:32:313 MEM/(8247:8247): *************** NUEVO LOG ***************
[INFO] 22:40:32:314 MEM/(8247:8247): Se abrió el archivo de configuración correctamente.
[INFO] 22:40:32:314 MEM/(8247:8247): PUERTO: 8003
[DEBUG] 22:40:32:318 MEM/(8247:8247): segments-pages, pid = '1', n_frames = '10'
[DEBUG] 22:40:32:318 MEM/(8247:8247): NO TENGO FRAMES DISPONIBLES.
[DEBUG] 22:40:32:319 MEM/(8247:8247): segments-pages, pid = '1', n_frames = '1'
[DEBUG] 22:40:32:319 MEM/(8247:8247): NO TENGO FRAMES DISPONIBLES.
[DEBUG] 22:40:32:319 MEM/(8247:8247): segments-pages, pid = '1', n_frames = '1'
[DEBUG] 22:40:32:321 MEM/(8247:8247): NO TENGO FRAMES DISPONIBLES.
[INFO] 22:43:08:945 MEM/(8285:8285): *************** NUEVO LOG ***************
[INFO] 22:43:08:945 MEM/(8285:8285): Se abrió el archivo de configuración correctamente.
[DEBUG] 22:43:08:945 MEM/(8285:8285): segments-pages, pid = '1', n_frames = '10'
[DEBUG] 22:43:08:945 MEM/(8285:8285): NO TENGO FRAMES DISPONIBLES.
[DEBUG] 22:43:08:945 MEM/(8285:8285): segments-pages, pid = '1', n_frames = '1'
[DEBUG] 22:43:08:945 MEM/(8285:8285): NO TENGO FRAMES DISPONIBLES.
[DEBUG] 22:43:08:945 MEM/(8285:8285): segments-pages, pid = '1', n_frames = '1'
[DEBUG] 22:43:08:946 MEM/(8285:8285): NO TENGO FRAMES DISPONIBLES.
[INFO] 22:46:23:321 MEM/(8391:8391): *************** NUEVO LOG ***************
[INFO] 22:46:23:321 MEM/(8391:8391): Se abrió el archivo de configuración correctamente.
[INFO] 22:48:04:727 MEM/(8479:8479): *************** NUEVO LOG ***************
[INFO] 22:48:04:728 MEM/(8479:8479): Se abrió el archivo de configuración correctamente.
[INFO] 22:48:37:197 MEM/(8479:8479): PUERTO_FS: 8001
[INFO] 23:02:53:363 MEM/(9423:9423): *************** NUEVO LOG ***************
[INFO] 23:02:53:395 MEM/(9423:9423): Se abrió el archivo de configuración correctamente.
[INFO] 23:03:13:605 MEM/(9423:9423): PUERTO: 8000
[INFO] 23:03:13:609 MEM/(9423:9423): IP_FS: 192.168.1.2
[INFO] 23:03:13:609 MEM/(9423:9423): PUERTO_FS: 8001
[INFO] 23:03:13:609 MEM/(9423:9423): RETARDO_MEM: 600
[INFO] 23:03:13:609 MEM/(9423:9423): RETARDO_FS: 600
[INFO] 23:03:13:609 MEM/(9423:9423): TAM_MEM: 2048
[INFO] 23:03:13:610 MEM/(9423:9423): RETARDO_JOURNAL: 60000
[INFO] 23:03:13:610 MEM/(9423:9423): RETARDO_GOSSIPING: 30000
[INFO] 23:03:13:610 MEM/(9423:9423): MEMORY_NUMBER: 1
[DEBUG] 23:03:25:562 MEM/(9423:9423): segments-pages, pid = '1', n_frames = '10'
[DEBUG] 23:03:25:624 MEM/(9423:9423): TENGO FRAMES DISPONIBLES!
[DEBUG] 23:03:25:631 MEM/(9423:9423): adm_table_seg_new!
[DEBUG] 23:03:25:631 MEM/(9423:9423): get_free_frame!
[DEBUG] 23:03:25:636 MEM/(9423:9423): get_free_frame! 0
[DEBUG] 23:03:25:636 MEM/(9423:9423): known_paginas 1
[DEBUG] 23:03:25:636 MEM/(9423:9423): adm_table_pag_new!
[DEBUG] 23:03:25:637 MEM/(9423:9423): get_free_frame!
[DEBUG] 23:03:25:637 MEM/(9423:9423): get_free_frame! 1
[DEBUG] 23:03:25:637 MEM/(9423:9423): known_paginas 2
[DEBUG] 23:03:25:639 MEM/(9423:9423): adm_table_pag_new!
[DEBUG] 23:03:25:643 MEM/(9423:9423): get_free_frame!
[DEBUG] 23:03:25:643 MEM/(9423:9423): get_free_frame! 2
[DEBUG] 23:03:25:644 MEM/(9423:9423): known_paginas 3
[DEBUG] 23:03:25:646 MEM/(9423:9423): adm_table_pag_new!
[DEBUG] 23:03:25:649 MEM/(9423:9423): get_free_frame!
[DEBUG] 23:03:25:649 MEM/(9423:9423): get_free_frame! 3
[DEBUG] 23:03:25:649 MEM/(9423:9423): known_paginas 4
[DEBUG] 23:03:25:650 MEM/(9423:9423): adm_table_pag_new!
[DEBUG] 23:03:25:650 MEM/(9423:9423): get_free_frame!
[DEBUG] 23:03:25:652 MEM/(9423:9423): get_free_frame! 4
[DEBUG] 23:03:25:652 MEM/(9423:9423): known_paginas 5
[DEBUG] 23:03:25:652 MEM/(9423:9423): adm_table_pag_new!
[DEBUG] 23:03:25:652 MEM/(9423:9423): get_free_frame!
[DEBUG] 23:03:25:652 MEM/(9423:9423): get_free_frame! 5
[DEBUG] 23:03:25:653 MEM/(9423:9423): known_paginas 6
[DEBUG] 23:03:25:653 MEM/(9423:9423): adm_table_pag_new!
[DEBUG] 23:03:25:653 MEM/(9423:9423): get_free_frame!
[DEBUG] 23:03:25:653 MEM/(9423:9423): get_free_frame! 6
[DEBUG] 23:03:25:654 MEM/(9423:9423): known_paginas 7
[DEBUG] 23:03:25:654 MEM/(9423:9423): adm_table_pag_new!
[DEBUG] 23:03:25:654 MEM/(9423:9423): get_free_frame!
[DEBUG] 23:03:25:654 MEM/(9423:9423): get_free_frame! 7
[DEBUG] 23:03:25:654 MEM/(9423:9423): known_paginas 8
[DEBUG] 23:03:25:654 MEM/(9423:9423): adm_table_pag_new!
[DEBUG] 23:03:25:654 MEM/(9423:9423): get_free_frame!
[DEBUG] 23:03:25:654 MEM/(9423:9423): get_free_frame! 8
[DEBUG] 23:03:25:655 MEM/(9423:9423): known_paginas 9
[DEBUG] 23:03:25:655 MEM/(9423:9423): adm_table_pag_new!
[DEBUG] 23:03:25:655 MEM/(9423:9423): get_free_frame!
[DEBUG] 23:03:25:655 MEM/(9423:9423): get_free_frame! 9
[DEBUG] 23:03:25:655 MEM/(9423:9423): known_paginas 10
[DEBUG] 23:03:25:655 MEM/(9423:9423): adm_table_pag_new!
[DEBUG] 23:03:39:506 MEM/(9423:9423): segments-pages, pid = '1', n_frames = '1'
[DEBUG] 23:03:39:583 MEM/(9423:9423): TENGO FRAMES DISPONIBLES!
[DEBUG] 23:03:39:589 MEM/(9423:9423): adm_table_seg_new!
[DEBUG] 23:03:39:590 MEM/(9423:9423): get_free_frame!
[DEBUG] 23:03:39:590 MEM/(9423:9423): get_free_frame! 10
[DEBUG] 23:03:39:591 MEM/(9423:9423): known_paginas 1
[DEBUG] 23:03:39:591 MEM/(9423:9423): adm_table_pag_new!
[DEBUG] 23:03:40:773 MEM/(9423:9423): segments-pages, pid = '1', n_frames = '1'
[DEBUG] 23:03:40:815 MEM/(9423:9423): TENGO FRAMES DISPONIBLES!
[DEBUG] 23:03:40:823 MEM/(9423:9423): adm_table_seg_new!
[DEBUG] 23:03:40:824 MEM/(9423:9423): get_free_frame!
[DEBUG] 23:03:40:824 MEM/(9423:9423): get_free_frame! 11
[DEBUG] 23:03:40:824 MEM/(9423:9423): known_paginas 1
[DEBUG] 23:03:40:825 MEM/(9423:9423): adm_table_pag_new!
[DEBUG] 23:03:42:536 MEM/(9423:9423): ENCONTRE EL SEGMENTO!
[DEBUG] 23:03:43:857 MEM/(9423:9423): ENCONTRE EL SEGMENTO!
[DEBUG] 23:03:44:964 MEM/(9423:9423): ENCONTRE EL SEGMENTO!
[DEBUG] 23:03:46:124 MEM/(9423:9423): NO ENCONTRE ESL SEGMENTO.
[DEBUG] 23:03:47:217 MEM/(9423:9423): NO ENCONTRE ESL SEGMENTO.
[DEBUG] 23:03:48:454 MEM/(9423:9423): ENCONTRE EL SEGMENTO!
[DEBUG] 23:03:49:736 MEM/(9423:9423): ENCONTRE EL SEGMENTO!
[DEBUG] 23:03:50:719 MEM/(9423:9423): ENCONTRE EL SEGMENTO!
[DEBUG] 23:03:51:585 MEM/(9423:9423): NO ENCONTRE ESL SEGMENTO.
[DEBUG] 23:03:52:628 MEM/(9423:9423): NO ENCONTRE ESL SEGMENTO.
[DEBUG] 23:03:53:915 MEM/(9423:9423): 
>PID: 1

TABLA DE SEGMENTOS:
FRAME: 0 | PID: 1 | SEGMENTO: 1
FRAME: 1 | PID: 1 | SEGMENTO: 1
FRAME: 2 | PID: 1 | SEGMENTO: 1
FRAME: 3 | PID: 1 | SEGMENTO: 1
FRAME: 4 | PID: 1 | SEGMENTO: 1
FRAME: 5 | PID: 1 | SEGMENTO: 1
FRAME: 6 | PID: 1 | SEGMENTO: 1
FRAME: 7 | PID: 1 | SEGMENTO: 1
FRAME: 8 | PID: 1 | SEGMENTO: 1
FRAME: 9 | PID: 1 | SEGMENTO: 1
FRAME: 10 | PID: 1 | SEGMENTO: 2
FRAME: 11 | PID: 1 | SEGMENTO: 3

LISTADO DE PROCESOS ACTIVOS:
ACTIVE PID: 1

CONTENIDO MEMORIA:
FRAME: 0 | PID: 1 | SEGMENTO: 1
HOLA
###########################################################################################################################################################################################################################################################################################################################################################################################################################################################################################################################################################################################################################################################################################################################################################################################################################################################################################################################################################################################################################################################################################################################################################################################################################################################################################################################################################################################################################################################################################################################################################################################################################################################################################################################################################################################################################################################################################################################################################################################################################################################################################################################
FRAME: 1 | PID: 1 | SEGMENTO: 1

FRAME: 2 | PID: 1 | SEGMENTO: 1

FRAME: 3 | PID: 1 | SEGMENTO: 1

FRAME: 4 | PID: 1 | SEGMENTO: 1

FRAME: 5 | PID: 1 | SEGMENTO: 1

FRAME: 6 | PID: 1 | SEGMENTO: 1

FRAME: 7 | PID: 1 | SEGMENTO: 1

FRAME: 8 | PID: 1 | SEGMENTO: 1

FRAME: 9 | PID: 1 | SEGMENTO: 1

FRAME: 10 | PID: 1 | SEGMENTO: 2

FRAME: 11 | PID: 1 | SEGMENTO: 3





[DEBUG] 23:03:55:695 MEM/(9423:9423): NO ENCONTRE SEGMMENTO PARA LIBERAR.
[DEBUG] 23:03:56:554 MEM/(9423:9423): ENCONTRE SEGMENTOS PARA LIBERAR!
[DEBUG] 23:03:57:548 MEM/(9423:9423): ENCONTRE SEGMENTOS PARA LIBERAR!
[DEBUG] 23:03:58:402 MEM/(9423:9423): ENCONTRE SEGMENTOS PARA LIBERAR!
[INFO] 10:26:04:451 MEM/(5405:5405): *************** NUEVO LOG ***************
[ERROR] 10:26:04:451 MEM/(5405:5405): No se pudo abrir el archivo de configuración.
[ERROR] 10:26:04:451 MEM/(5405:5405): No se encontro el archivo de configuracion
[INFO] 10:26:04:451 MEM/(5405:5405): ********* FIN DEL PROCESO FM9 *********
[INFO] 10:29:22:718 MEM/(5480:5480): *************** NUEVO LOG ***************
[ERROR] 10:29:22:718 MEM/(5480:5480): No se pudo abrir el archivo de configuración.
[ERROR] 10:29:22:718 MEM/(5480:5480): No se encontro el archivo de configuracion
[INFO] 10:29:22:718 MEM/(5480:5480): ********* FIN DEL PROCESO FM9 *********
[INFO] 10:30:01:177 MEM/(5520:5520): *************** NUEVO LOG ***************
[ERROR] 10:30:03:80 MEM/(5520:5520): No se pudo abrir el archivo de configuración.
[ERROR] 10:30:03:80 MEM/(5520:5520): No se encontro el archivo de configuracion
[INFO] 10:30:03:80 MEM/(5520:5520): ********* FIN DEL PROCESO FM9 *********
[INFO] 10:31:04:949 MEM/(5569:5569): *************** NUEVO LOG ***************
[ERROR] 10:31:06:875 MEM/(5569:5569): No se pudo abrir el archivo de configuración.
[ERROR] 10:31:17:829 MEM/(5569:5569): No se encontro el archivo de configuracion
[INFO] 10:31:17:829 MEM/(5569:5569): ********* FIN DEL PROCESO FM9 *********
[INFO] 10:31:50:108 MEM/(5639:5639): *************** NUEVO LOG ***************
[INFO] 10:31:51:933 MEM/(5639:5639): Se abrió el archivo de configuración correctamente.
[INFO] 10:33:06:814 MEM/(5759:5759): *************** NUEVO LOG ***************
[ERROR] 10:33:09:331 MEM/(5759:5759): No se pudo abrir el archivo de configuración.
[ERROR] 10:33:28:677 MEM/(5759:5759): No se encontro el archivo de configuracion
[INFO] 10:33:32:270 MEM/(5759:5759): ********* FIN DEL PROCESO FM9 *********
[INFO] 10:36:31:81 MEM/(5910:5910): *************** NUEVO LOG ***************
[ERROR] 10:36:32:548 MEM/(5910:5910): No se pudo abrir el archivo de configuración.
[ERROR] 10:36:32:548 MEM/(5910:5910): No se encontro el archivo de configuracion
[INFO] 10:36:32:548 MEM/(5910:5910): ********* FIN DEL PROCESO FM9 *********
[INFO] 10:36:46:202 MEM/(5953:5953): *************** NUEVO LOG ***************
[ERROR] 10:36:48:497 MEM/(5953:5953): No se pudo abrir el archivo de configuración.
[ERROR] 10:36:52:914 MEM/(5953:5953): No se encontro el archivo de configuracion
[INFO] 10:36:56:85 MEM/(5953:5953): ********* FIN DEL PROCESO FM9 *********
[INFO] 10:38:14:248 MEM/(6077:6077): *************** NUEVO LOG ***************
[ERROR] 10:38:16:427 MEM/(6077:6077): No se pudo abrir el archivo de configuración.
[ERROR] 10:38:20:300 MEM/(6077:6077): No se encontro el archivo de configuracion
[INFO] 10:38:22:232 MEM/(6077:6077): ********* FIN DEL PROCESO FM9 *********
[INFO] 10:39:43:90 MEM/(6149:6149): *************** NUEVO LOG ***************
[INFO] 10:39:43:91 MEM/(6149:6149): Se abrió el archivo de configuración correctamente.
[INFO] 10:39:43:91 MEM/(6149:6149): PUERTO: 8000
[INFO] 10:39:43:91 MEM/(6149:6149): IP_FS: 192.168.1.2
[INFO] 10:39:43:91 MEM/(6149:6149): PUERTO_FS: 8001
[INFO] 10:39:43:91 MEM/(6149:6149): RETARDO_MEM: 600
[INFO] 10:39:43:91 MEM/(6149:6149): RETARDO_FS: 600
[INFO] 10:39:43:91 MEM/(6149:6149): TAM_MEM: 2048
[INFO] 10:39:43:93 MEM/(6149:6149): RETARDO_JOURNAL: 60000
[INFO] 10:39:43:93 MEM/(6149:6149): RETARDO_GOSSIPING: 30000
[INFO] 10:39:43:93 MEM/(6149:6149): MEMORY_NUMBER: 1
[DEBUG] 10:39:43:112 MEM/(6149:6149): segments-pages, pid = '1', n_frames = '10'
[DEBUG] 10:39:43:143 MEM/(6149:6149): TENGO FRAMES DISPONIBLES!
[DEBUG] 10:39:43:146 MEM/(6149:6149): adm_table_seg_new!
[DEBUG] 10:39:43:146 MEM/(6149:6149): get_free_frame!
[DEBUG] 10:39:43:147 MEM/(6149:6149): get_free_frame! 0
[DEBUG] 10:39:43:147 MEM/(6149:6149): known_paginas 1
[DEBUG] 10:39:43:147 MEM/(6149:6149): adm_table_pag_new!
[DEBUG] 10:39:43:147 MEM/(6149:6149): get_free_frame!
[DEBUG] 10:39:43:147 MEM/(6149:6149): get_free_frame! 1
[DEBUG] 10:39:43:147 MEM/(6149:6149): known_paginas 2
[DEBUG] 10:39:43:147 MEM/(6149:6149): adm_table_pag_new!
[DEBUG] 10:39:43:147 MEM/(6149:6149): get_free_frame!
[DEBUG] 10:39:43:147 MEM/(6149:6149): get_free_frame! 2
[DEBUG] 10:39:43:147 MEM/(6149:6149): known_paginas 3
[DEBUG] 10:39:43:147 MEM/(6149:6149): adm_table_pag_new!
[DEBUG] 10:39:43:147 MEM/(6149:6149): get_free_frame!
[DEBUG] 10:39:43:147 MEM/(6149:6149): get_free_frame! 3
[DEBUG] 10:39:43:147 MEM/(6149:6149): known_paginas 4
[DEBUG] 10:39:43:147 MEM/(6149:6149): adm_table_pag_new!
[DEBUG] 10:39:43:148 MEM/(6149:6149): get_free_frame!
[DEBUG] 10:39:43:148 MEM/(6149:6149): get_free_frame! 4
[DEBUG] 10:39:43:148 MEM/(6149:6149): known_paginas 5
[DEBUG] 10:39:43:149 MEM/(6149:6149): adm_table_pag_new!
[DEBUG] 10:39:43:149 MEM/(6149:6149): get_free_frame!
[DEBUG] 10:39:43:149 MEM/(6149:6149): get_free_frame! 5
[DEBUG] 10:39:43:149 MEM/(6149:6149): known_paginas 6
[DEBUG] 10:39:43:149 MEM/(6149:6149): adm_table_pag_new!
[DEBUG] 10:39:43:149 MEM/(6149:6149): get_free_frame!
[DEBUG] 10:39:43:149 MEM/(6149:6149): get_free_frame! 6
[DEBUG] 10:39:43:149 MEM/(6149:6149): known_paginas 7
[DEBUG] 10:39:43:149 MEM/(6149:6149): adm_table_pag_new!
[DEBUG] 10:39:43:149 MEM/(6149:6149): get_free_frame!
[DEBUG] 10:39:43:150 MEM/(6149:6149): get_free_frame! 7
[DEBUG] 10:39:43:150 MEM/(6149:6149): known_paginas 8
[DEBUG] 10:39:43:150 MEM/(6149:6149): adm_table_pag_new!
[DEBUG] 10:39:43:150 MEM/(6149:6149): get_free_frame!
[DEBUG] 10:39:43:150 MEM/(6149:6149): get_free_frame! 8
[DEBUG] 10:39:43:150 MEM/(6149:6149): known_paginas 9
[DEBUG] 10:39:43:150 MEM/(6149:6149): adm_table_pag_new!
[DEBUG] 10:39:43:150 MEM/(6149:6149): get_free_frame!
[DEBUG] 10:39:43:150 MEM/(6149:6149): get_free_frame! 9
[DEBUG] 10:39:43:151 MEM/(6149:6149): known_paginas 10
[DEBUG] 10:39:43:151 MEM/(6149:6149): adm_table_pag_new!
[DEBUG] 10:39:43:151 MEM/(6149:6149): segments-pages, pid = '1', n_frames = '1'
[DEBUG] 10:39:43:166 MEM/(6149:6149): TENGO FRAMES DISPONIBLES!
[DEBUG] 10:39:43:171 MEM/(6149:6149): adm_table_seg_new!
[DEBUG] 10:39:43:171 MEM/(6149:6149): get_free_frame!
[DEBUG] 10:39:43:171 MEM/(6149:6149): get_free_frame! 10
[DEBUG] 10:39:43:171 MEM/(6149:6149): known_paginas 1
[DEBUG] 10:39:43:172 MEM/(6149:6149): adm_table_pag_new!
[DEBUG] 10:39:43:172 MEM/(6149:6149): segments-pages, pid = '1', n_frames = '1'
[DEBUG] 10:39:43:190 MEM/(6149:6149): TENGO FRAMES DISPONIBLES!
[DEBUG] 10:39:43:190 MEM/(6149:6149): adm_table_seg_new!
[DEBUG] 10:39:43:190 MEM/(6149:6149): get_free_frame!
[DEBUG] 10:39:43:193 MEM/(6149:6149): get_free_frame! 11
[DEBUG] 10:39:43:193 MEM/(6149:6149): known_paginas 1
[DEBUG] 10:39:43:193 MEM/(6149:6149): adm_table_pag_new!
[DEBUG] 10:39:43:193 MEM/(6149:6149): ENCONTRE EL SEGMENTO!
[DEBUG] 10:39:43:193 MEM/(6149:6149): ENCONTRE EL SEGMENTO!
[DEBUG] 10:39:43:193 MEM/(6149:6149): ENCONTRE EL SEGMENTO!
[DEBUG] 10:39:43:194 MEM/(6149:6149): NO ENCONTRE ESL SEGMENTO.
[DEBUG] 10:39:43:194 MEM/(6149:6149): NO ENCONTRE ESL SEGMENTO.
[DEBUG] 10:39:43:194 MEM/(6149:6149): ENCONTRE EL SEGMENTO!
[DEBUG] 10:39:43:194 MEM/(6149:6149): ENCONTRE EL SEGMENTO!
[DEBUG] 10:39:43:195 MEM/(6149:6149): ENCONTRE EL SEGMENTO!
[DEBUG] 10:39:43:195 MEM/(6149:6149): NO ENCONTRE ESL SEGMENTO.
[DEBUG] 10:39:43:195 MEM/(6149:6149): NO ENCONTRE ESL SEGMENTO.
[DEBUG] 10:39:43:233 MEM/(6149:6149): 
>PID: 1

TABLA DE SEGMENTOS:
FRAME: 0 | PID: 1 | SEGMENTO: 1
FRAME: 1 | PID: 1 | SEGMENTO: 1
FRAME: 2 | PID: 1 | SEGMENTO: 1
FRAME: 3 | PID: 1 | SEGMENTO: 1
FRAME: 4 | PID: 1 | SEGMENTO: 1
FRAME: 5 | PID: 1 | SEGMENTO: 1
FRAME: 6 | PID: 1 | SEGMENTO: 1
FRAME: 7 | PID: 1 | SEGMENTO: 1
FRAME: 8 | PID: 1 | SEGMENTO: 1
FRAME: 9 | PID: 1 | SEGMENTO: 1
FRAME: 10 | PID: 1 | SEGMENTO: 2
FRAME: 11 | PID: 1 | SEGMENTO: 3

LISTADO DE PROCESOS ACTIVOS:
ACTIVE PID: 1

CONTENIDO MEMORIA:
FRAME: 0 | PID: 1 | SEGMENTO: 1
HOLA
###########################################################################################################################################################################################################################################################################################################################################################################################################################################################################################################################################################################################################################################################################################################################################################################################################################################################################################################################################################################################################################################################################################################################################################################################################################################################################################################################################################################################################################################################################################################################################################################################################################################################################################################################################################################################################################################################################################################################################################################################################################################################################################################################
FRAME: 1 | PID: 1 | SEGMENTO: 1

FRAME: 2 | PID: 1 | SEGMENTO: 1

FRAME: 3 | PID: 1 | SEGMENTO: 1

FRAME: 4 | PID: 1 | SEGMENTO: 1

FRAME: 5 | PID: 1 | SEGMENTO: 1

FRAME: 6 | PID: 1 | SEGMENTO: 1

FRAME: 7 | PID: 1 | SEGMENTO: 1

FRAME: 8 | PID: 1 | SEGMENTO: 1

FRAME: 9 | PID: 1 | SEGMENTO: 1

FRAME: 10 | PID: 1 | SEGMENTO: 2

FRAME: 11 | PID: 1 | SEGMENTO: 3





[DEBUG] 10:39:43:236 MEM/(6149:6149): NO ENCONTRE SEGMMENTO PARA LIBERAR.
[DEBUG] 10:39:43:236 MEM/(6149:6149): ENCONTRE SEGMENTOS PARA LIBERAR!
[DEBUG] 10:39:43:236 MEM/(6149:6149): ENCONTRE SEGMENTOS PARA LIBERAR!
[DEBUG] 10:39:43:236 MEM/(6149:6149): ENCONTRE SEGMENTOS PARA LIBERAR!
[INFO] 10:43:56:652 MEM/(6360:6360): *************** NUEVO LOG ***************
[INFO] 10:43:56:652 MEM/(6360:6360): Se abrió el archivo de configuración correctamente.
[INFO] 10:43:56:652 MEM/(6360:6360): PUERTO: 8000
[INFO] 10:43:56:652 MEM/(6360:6360): IP_FS: 192.168.1.2
[INFO] 10:43:56:652 MEM/(6360:6360): PUERTO_FS: 8001
[INFO] 10:43:56:652 MEM/(6360:6360): RETARDO_MEM: 600
[INFO] 10:43:56:652 MEM/(6360:6360): RETARDO_FS: 600
[INFO] 10:43:56:652 MEM/(6360:6360): TAM_MEM: 2048
[INFO] 10:43:56:653 MEM/(6360:6360): RETARDO_JOURNAL: 60000
[INFO] 10:43:56:653 MEM/(6360:6360): RETARDO_GOSSIPING: 30000
[INFO] 10:43:56:653 MEM/(6360:6360): MEMORY_NUMBER: 1
[DEBUG] 10:43:56:653 MEM/(6360:6360): segments-pages, pid = '1', n_frames = '10'
[DEBUG] 10:43:56:653 MEM/(6360:6360): NO TENGO FRAMES DISPONIBLES.
[DEBUG] 10:43:56:653 MEM/(6360:6360): segments-pages, pid = '1', n_frames = '1'
[DEBUG] 10:43:56:653 MEM/(6360:6360): TENGO FRAMES DISPONIBLES!
[DEBUG] 10:43:56:653 MEM/(6360:6360): adm_table_seg_new!
[DEBUG] 10:43:56:653 MEM/(6360:6360): get_free_frame!
[DEBUG] 10:43:56:653 MEM/(6360:6360): get_free_frame! 0
[DEBUG] 10:43:56:653 MEM/(6360:6360): known_paginas 1
[DEBUG] 10:43:56:653 MEM/(6360:6360): adm_table_pag_new!
[DEBUG] 10:43:56:653 MEM/(6360:6360): segments-pages, pid = '1', n_frames = '1'
[DEBUG] 10:43:56:654 MEM/(6360:6360): TENGO FRAMES DISPONIBLES!
[DEBUG] 10:43:56:654 MEM/(6360:6360): adm_table_seg_new!
[DEBUG] 10:43:56:654 MEM/(6360:6360): get_free_frame!
[DEBUG] 10:43:56:654 MEM/(6360:6360): get_free_frame! 1
[DEBUG] 10:43:56:654 MEM/(6360:6360): known_paginas 1
[DEBUG] 10:43:56:654 MEM/(6360:6360): adm_table_pag_new!
[DEBUG] 10:43:56:654 MEM/(6360:6360): NO ENCONTRE ESL SEGMENTO.
[DEBUG] 10:43:56:654 MEM/(6360:6360): ENCONTRE EL SEGMENTO!
[DEBUG] 10:43:56:654 MEM/(6360:6360): ENCONTRE EL SEGMENTO!
[DEBUG] 10:43:56:654 MEM/(6360:6360): NO ENCONTRE ESL SEGMENTO.
[DEBUG] 10:43:56:654 MEM/(6360:6360): NO ENCONTRE ESL SEGMENTO.
[DEBUG] 10:43:56:655 MEM/(6360:6360): ENCONTRE EL SEGMENTO!
[DEBUG] 10:43:56:655 MEM/(6360:6360): NO ENCONTRE ESL SEGMENTO.
[DEBUG] 10:43:56:659 MEM/(6360:6360): ENCONTRE EL SEGMENTO!
[DEBUG] 10:43:56:659 MEM/(6360:6360): NO ENCONTRE ESL SEGMENTO.
[DEBUG] 10:43:56:659 MEM/(6360:6360): NO ENCONTRE ESL SEGMENTO.
[DEBUG] 10:43:56:660 MEM/(6360:6360): 
>PID: 1

TABLA DE SEGMENTOS:
FRAME: 0 | PID: 1 | SEGMENTO: 1
FRAME: 1 | PID: 1 | SEGMENTO: 2

LISTADO DE PROCESOS ACTIVOS:
ACTIVE PID: 1

CONTENIDO MEMORIA:
FRAME: 0 | PID: 1 | SEGMENTO: 1
HOLA
###########################################################################################################################################################################################################################################################################################################################################################################################################################################################################################################################################################################################################################################################################################################################################################################################################################################################################################################################################################################################################################################################
FRAME: 1 | PID: 1 | SEGMENTO: 2
################################################################################################################################################################################################################################################################################################################################################################################################################################################################################################################################################################################################################################################################################################################################################################################################################################################################################################################################################################################################################################################################




[DEBUG] 10:43:56:661 MEM/(6360:6360): NO ENCONTRE SEGMMENTO PARA LIBERAR.
[DEBUG] 10:43:56:661 MEM/(6360:6360): ENCONTRE SEGMENTOS PARA LIBERAR!
[DEBUG] 10:43:56:661 MEM/(6360:6360): NO ENCONTRE SEGMMENTO PARA LIBERAR.
[DEBUG] 10:43:56:661 MEM/(6360:6360): ENCONTRE SEGMENTOS PARA LIBERAR!
[DEBUG] 10:43:56:662 MEM/(6360:6360): SE LIBERA EL ID DEL PROCESO.
[INFO] 10:43:56:662 MEM/(6360:6360): Se generó el hilo para la consola.
[INFO] 10:43:56:662 MEM/(6360:6360): Socket creado correctamente.
[INFO] 10:46:00:36 MEM/(6416:6416): *************** NUEVO LOG ***************
[INFO] 10:46:00:44 MEM/(6416:6416): Se abrió el archivo de configuración correctamente.
[INFO] 10:46:00:44 MEM/(6416:6416): PUERTO: 8000
[INFO] 10:46:00:44 MEM/(6416:6416): IP_FS: 192.168.1.2
[INFO] 10:46:00:44 MEM/(6416:6416): PUERTO_FS: 8001
[INFO] 10:46:00:44 MEM/(6416:6416): RETARDO_MEM: 600
[INFO] 10:46:00:44 MEM/(6416:6416): RETARDO_FS: 600
[INFO] 10:46:00:44 MEM/(6416:6416): TAM_MEM: 2048
[INFO] 10:46:00:44 MEM/(6416:6416): RETARDO_JOURNAL: 60000
[INFO] 10:46:00:44 MEM/(6416:6416): RETARDO_GOSSIPING: 30000
[INFO] 10:46:00:44 MEM/(6416:6416): MEMORY_NUMBER: 1
[DEBUG] 10:46:00:44 MEM/(6416:6416): segments-pages, pid = '1', n_frames = '10'
[DEBUG] 10:46:00:44 MEM/(6416:6416): NO TENGO FRAMES DISPONIBLES.
[DEBUG] 10:46:00:44 MEM/(6416:6416): segments-pages, pid = '1', n_frames = '1'
[DEBUG] 10:46:00:44 MEM/(6416:6416): TENGO FRAMES DISPONIBLES!
[DEBUG] 10:46:00:44 MEM/(6416:6416): adm_table_seg_new!
[DEBUG] 10:46:00:44 MEM/(6416:6416): get_free_frame!
[DEBUG] 10:46:00:44 MEM/(6416:6416): get_free_frame! 0
[DEBUG] 10:46:00:44 MEM/(6416:6416): known_paginas 1
[DEBUG] 10:46:00:44 MEM/(6416:6416): adm_table_pag_new!
[DEBUG] 10:46:00:44 MEM/(6416:6416): segments-pages, pid = '1', n_frames = '1'
[DEBUG] 10:46:00:45 MEM/(6416:6416): TENGO FRAMES DISPONIBLES!
[DEBUG] 10:46:00:45 MEM/(6416:6416): adm_table_seg_new!
[DEBUG] 10:46:00:45 MEM/(6416:6416): get_free_frame!
[DEBUG] 10:46:00:45 MEM/(6416:6416): get_free_frame! 1
[DEBUG] 10:46:00:45 MEM/(6416:6416): known_paginas 1
[DEBUG] 10:46:00:45 MEM/(6416:6416): adm_table_pag_new!
[DEBUG] 10:46:00:45 MEM/(6416:6416): NO ENCONTRE ESL SEGMENTO.
[DEBUG] 10:46:00:45 MEM/(6416:6416): ENCONTRE EL SEGMENTO!
[DEBUG] 10:46:00:45 MEM/(6416:6416): ENCONTRE EL SEGMENTO!
[DEBUG] 10:46:00:45 MEM/(6416:6416): NO ENCONTRE ESL SEGMENTO.
[DEBUG] 10:46:00:45 MEM/(6416:6416): NO ENCONTRE ESL SEGMENTO.
[DEBUG] 10:46:00:45 MEM/(6416:6416): ENCONTRE EL SEGMENTO!
[DEBUG] 10:46:00:45 MEM/(6416:6416): NO ENCONTRE ESL SEGMENTO.
[DEBUG] 10:46:00:45 MEM/(6416:6416): ENCONTRE EL SEGMENTO!
[DEBUG] 10:46:00:45 MEM/(6416:6416): NO ENCONTRE ESL SEGMENTO.
[DEBUG] 10:46:00:45 MEM/(6416:6416): NO ENCONTRE ESL SEGMENTO.
[DEBUG] 10:46:00:45 MEM/(6416:6416): 
>PID: 1

TABLA DE SEGMENTOS:
FRAME: 0 | PID: 1 | SEGMENTO: 1
FRAME: 1 | PID: 1 | SEGMENTO: 2

LISTADO DE PROCESOS ACTIVOS:
ACTIVE PID: 1

CONTENIDO MEMORIA:
FRAME: 0 | PID: 1 | SEGMENTO: 1
HOLA
###########################################################################################################################################################################################################################################################################################################################################################################################################################################################################################################################################################################################################################################################################################################################################################################################################################################################################################################################################################################################################################################################
FRAME: 1 | PID: 1 | SEGMENTO: 2
################################################################################################################################################################################################################################################################################################################################################################################################################################################################################################################################################################################################################################################################################################################################################################################################################################################################################################################################################################################################################################################################




[DEBUG] 10:46:00:45 MEM/(6416:6416): NO ENCONTRE SEGMMENTO PARA LIBERAR.
[DEBUG] 10:46:00:45 MEM/(6416:6416): ENCONTRE SEGMENTOS PARA LIBERAR!
[DEBUG] 10:46:00:45 MEM/(6416:6416): NO ENCONTRE SEGMMENTO PARA LIBERAR.
[DEBUG] 10:46:00:45 MEM/(6416:6416): ENCONTRE SEGMENTOS PARA LIBERAR!
[DEBUG] 10:46:00:45 MEM/(6416:6416): SE LIBERA EL ID DEL PROCESO.
[INFO] 10:46:00:45 MEM/(6416:6416): Se generó el hilo para la consola.
[INFO] 10:46:00:45 MEM/(6416:6416): Socket creado correctamente.
[ERROR] 10:48:07:286 MEM/(6416:6416): No se pudo conectar al Servidor.
[INFO] 10:48:07:286 MEM/(6416:6416): ********* FIN DEL PROCESO FM9 *********
[INFO] 10:49:36:88 MEM/(6553:6553): *************** NUEVO LOG ***************
[INFO] 10:49:36:90 MEM/(6553:6553): Se abrió el archivo de configuración correctamente.
[INFO] 10:49:36:90 MEM/(6553:6553): PUERTO: 8000
[INFO] 10:49:36:90 MEM/(6553:6553): IP_FS: 192.168.1.2
[INFO] 10:49:36:90 MEM/(6553:6553): PUERTO_FS: 8001
[INFO] 10:49:36:90 MEM/(6553:6553): RETARDO_MEM: 600
[INFO] 10:49:36:91 MEM/(6553:6553): RETARDO_FS: 600
[INFO] 10:49:36:91 MEM/(6553:6553): TAM_MEM: 2048
[INFO] 10:49:36:91 MEM/(6553:6553): RETARDO_JOURNAL: 60000
[INFO] 10:49:36:91 MEM/(6553:6553): RETARDO_GOSSIPING: 30000
[INFO] 10:49:36:91 MEM/(6553:6553): MEMORY_NUMBER: 1
[DEBUG] 10:49:36:91 MEM/(6553:6553): segments-pages, pid = '1', n_frames = '10'
[DEBUG] 10:49:36:91 MEM/(6553:6553): NO TENGO FRAMES DISPONIBLES.
[DEBUG] 10:49:36:91 MEM/(6553:6553): segments-pages, pid = '1', n_frames = '1'
[DEBUG] 10:49:36:91 MEM/(6553:6553): TENGO FRAMES DISPONIBLES!
[DEBUG] 10:49:36:91 MEM/(6553:6553): adm_table_seg_new!
[DEBUG] 10:49:36:91 MEM/(6553:6553): get_free_frame!
[DEBUG] 10:49:36:91 MEM/(6553:6553): get_free_frame! 0
[DEBUG] 10:49:36:91 MEM/(6553:6553): known_paginas 1
[DEBUG] 10:49:36:91 MEM/(6553:6553): adm_table_pag_new!
[DEBUG] 10:49:36:91 MEM/(6553:6553): segments-pages, pid = '1', n_frames = '1'
[DEBUG] 10:49:36:91 MEM/(6553:6553): TENGO FRAMES DISPONIBLES!
[DEBUG] 10:49:36:91 MEM/(6553:6553): adm_table_seg_new!
[DEBUG] 10:49:36:91 MEM/(6553:6553): get_free_frame!
[DEBUG] 10:49:36:91 MEM/(6553:6553): get_free_frame! 1
[DEBUG] 10:49:36:92 MEM/(6553:6553): known_paginas 1
[DEBUG] 10:49:36:92 MEM/(6553:6553): adm_table_pag_new!
[DEBUG] 10:49:36:92 MEM/(6553:6553): NO ENCONTRE ESL SEGMENTO.
[DEBUG] 10:49:36:92 MEM/(6553:6553): ENCONTRE EL SEGMENTO!
[DEBUG] 10:49:36:92 MEM/(6553:6553): ENCONTRE EL SEGMENTO!
[DEBUG] 10:49:36:92 MEM/(6553:6553): NO ENCONTRE ESL SEGMENTO.
[DEBUG] 10:49:36:92 MEM/(6553:6553): NO ENCONTRE ESL SEGMENTO.
[DEBUG] 10:49:36:92 MEM/(6553:6553): ENCONTRE EL SEGMENTO!
[DEBUG] 10:49:36:92 MEM/(6553:6553): NO ENCONTRE ESL SEGMENTO.
[DEBUG] 10:49:36:92 MEM/(6553:6553): ENCONTRE EL SEGMENTO!
[DEBUG] 10:49:36:92 MEM/(6553:6553): NO ENCONTRE ESL SEGMENTO.
[DEBUG] 10:49:36:92 MEM/(6553:6553): NO ENCONTRE ESL SEGMENTO.
[DEBUG] 10:49:36:94 MEM/(6553:6553): 
>PID: 1

TABLA DE SEGMENTOS:
FRAME: 0 | PID: 1 | SEGMENTO: 1
FRAME: 1 | PID: 1 | SEGMENTO: 2

LISTADO DE PROCESOS ACTIVOS:
ACTIVE PID: 1

CONTENIDO MEMORIA:
FRAME: 0 | PID: 1 | SEGMENTO: 1
HOLA
###########################################################################################################################################################################################################################################################################################################################################################################################################################################################################################################################################################################################################################################################################################################################################################################################################################################################################################################################################################################################################################################################
FRAME: 1 | PID: 1 | SEGMENTO: 2
################################################################################################################################################################################################################################################################################################################################################################################################################################################################################################################################################################################################################################################################################################################################################################################################################################################################################################################################################################################################################################################################




[DEBUG] 10:49:36:94 MEM/(6553:6553): NO ENCONTRE SEGMMENTO PARA LIBERAR.
[DEBUG] 10:49:36:95 MEM/(6553:6553): ENCONTRE SEGMENTOS PARA LIBERAR!
[DEBUG] 10:49:36:95 MEM/(6553:6553): NO ENCONTRE SEGMMENTO PARA LIBERAR.
[DEBUG] 10:49:36:95 MEM/(6553:6553): ENCONTRE SEGMENTOS PARA LIBERAR!
[DEBUG] 10:49:36:95 MEM/(6553:6553): SE LIBERA EL ID DEL PROCESO.
[INFO] 10:49:36:95 MEM/(6553:6553): Se generó el hilo para la consola.
[INFO] 10:49:36:95 MEM/(6553:6553): Socket creado correctamente.
[INFO] 10:49:36:95 MEM/(6553:6553): Socket bindeado correctamente.
[INFO] 10:49:36:95 MEM/(6553:6553): Escuchando conexiones.
[INFO] 10:50:17:834 MEM/(6598:6598): *************** NUEVO LOG ***************
[INFO] 10:50:17:834 MEM/(6598:6598): Se abrió el archivo de configuración correctamente.
[INFO] 10:50:17:835 MEM/(6598:6598): PUERTO: 8000
[INFO] 10:50:17:835 MEM/(6598:6598): IP_FS: 192.168.1.2
[INFO] 10:50:17:835 MEM/(6598:6598): PUERTO_FS: 8001
[INFO] 10:50:17:835 MEM/(6598:6598): RETARDO_MEM: 600
[INFO] 10:50:17:835 MEM/(6598:6598): RETARDO_FS: 600
[INFO] 10:50:17:835 MEM/(6598:6598): TAM_MEM: 2048
[INFO] 10:50:17:835 MEM/(6598:6598): RETARDO_JOURNAL: 60000
[INFO] 10:50:17:835 MEM/(6598:6598): RETARDO_GOSSIPING: 30000
[INFO] 10:50:17:835 MEM/(6598:6598): MEMORY_NUMBER: 1
[DEBUG] 10:50:17:835 MEM/(6598:6598): segments-pages, pid = '1', n_frames = '10'
[DEBUG] 10:50:17:835 MEM/(6598:6598): NO TENGO FRAMES DISPONIBLES.
[DEBUG] 10:50:17:835 MEM/(6598:6598): segments-pages, pid = '1', n_frames = '1'
[DEBUG] 10:50:17:835 MEM/(6598:6598): TENGO FRAMES DISPONIBLES!
[DEBUG] 10:50:17:835 MEM/(6598:6598): adm_table_seg_new!
[DEBUG] 10:50:17:835 MEM/(6598:6598): get_free_frame!
[DEBUG] 10:50:17:835 MEM/(6598:6598): get_free_frame! 0
[DEBUG] 10:50:17:835 MEM/(6598:6598): known_paginas 1
[DEBUG] 10:50:17:835 MEM/(6598:6598): adm_table_pag_new!
[DEBUG] 10:50:17:835 MEM/(6598:6598): segments-pages, pid = '1', n_frames = '1'
[DEBUG] 10:50:17:835 MEM/(6598:6598): TENGO FRAMES DISPONIBLES!
[DEBUG] 10:50:17:835 MEM/(6598:6598): adm_table_seg_new!
[DEBUG] 10:50:17:835 MEM/(6598:6598): get_free_frame!
[DEBUG] 10:50:17:835 MEM/(6598:6598): get_free_frame! 1
[DEBUG] 10:50:17:835 MEM/(6598:6598): known_paginas 1
[DEBUG] 10:50:17:836 MEM/(6598:6598): adm_table_pag_new!
[DEBUG] 10:50:17:836 MEM/(6598:6598): NO ENCONTRE ESL SEGMENTO.
[DEBUG] 10:50:17:836 MEM/(6598:6598): ENCONTRE EL SEGMENTO!
[DEBUG] 10:50:17:836 MEM/(6598:6598): ENCONTRE EL SEGMENTO!
[DEBUG] 10:50:17:836 MEM/(6598:6598): NO ENCONTRE ESL SEGMENTO.
[DEBUG] 10:50:17:837 MEM/(6598:6598): NO ENCONTRE ESL SEGMENTO.
[DEBUG] 10:50:17:837 MEM/(6598:6598): ENCONTRE EL SEGMENTO!
[DEBUG] 10:50:17:837 MEM/(6598:6598): NO ENCONTRE ESL SEGMENTO.
[DEBUG] 10:50:17:837 MEM/(6598:6598): ENCONTRE EL SEGMENTO!
[DEBUG] 10:50:17:837 MEM/(6598:6598): NO ENCONTRE ESL SEGMENTO.
[DEBUG] 10:50:17:837 MEM/(6598:6598): NO ENCONTRE ESL SEGMENTO.
[DEBUG] 10:50:17:837 MEM/(6598:6598): 
>PID: 1

TABLA DE SEGMENTOS:
FRAME: 0 | PID: 1 | SEGMENTO: 1
FRAME: 1 | PID: 1 | SEGMENTO: 2

LISTADO DE PROCESOS ACTIVOS:
ACTIVE PID: 1

CONTENIDO MEMORIA:
FRAME: 0 | PID: 1 | SEGMENTO: 1
HOLA
###########################################################################################################################################################################################################################################################################################################################################################################################################################################################################################################################################################################################################################################################################################################################################################################################################################################################################################################################################################################################################################################################
FRAME: 1 | PID: 1 | SEGMENTO: 2
################################################################################################################################################################################################################################################################################################################################################################################################################################################################################################################################################################################################################################################################################################################################################################################################################################################################################################################################################################################################################################################################




[DEBUG] 10:50:17:837 MEM/(6598:6598): NO ENCONTRE SEGMMENTO PARA LIBERAR.
[DEBUG] 10:50:17:837 MEM/(6598:6598): ENCONTRE SEGMENTOS PARA LIBERAR!
[DEBUG] 10:50:17:837 MEM/(6598:6598): NO ENCONTRE SEGMMENTO PARA LIBERAR.
[DEBUG] 10:50:17:837 MEM/(6598:6598): ENCONTRE SEGMENTOS PARA LIBERAR!
[DEBUG] 10:50:17:838 MEM/(6598:6598): SE LIBERA EL ID DEL PROCESO.
[INFO] 10:50:17:844 MEM/(6598:6598): Se generó el hilo para la consola.
[INFO] 10:50:17:844 MEM/(6598:6598): Socket creado correctamente.
[INFO] 10:50:17:845 MEM/(6598:6598): Socket bindeado correctamente.
[INFO] 10:50:17:845 MEM/(6598:6598): Escuchando conexiones.
[INFO] 10:51:27:976 MEM/(6673:6673): *************** NUEVO LOG ***************
[INFO] 10:51:27:976 MEM/(6673:6673): Se abrió el archivo de configuración correctamente.
[INFO] 10:51:27:976 MEM/(6673:6673): PUERTO: 8000
[INFO] 10:51:27:976 MEM/(6673:6673): IP_FS: 192.168.1.2
[INFO] 10:51:27:976 MEM/(6673:6673): PUERTO_FS: 8001
[INFO] 10:51:27:976 MEM/(6673:6673): RETARDO_MEM: 600
[INFO] 10:51:27:976 MEM/(6673:6673): RETARDO_FS: 600
[INFO] 10:51:27:976 MEM/(6673:6673): TAM_MEM: 2048
[INFO] 10:51:27:976 MEM/(6673:6673): RETARDO_JOURNAL: 60000
[INFO] 10:51:27:976 MEM/(6673:6673): RETARDO_GOSSIPING: 30000
[INFO] 10:51:27:976 MEM/(6673:6673): MEMORY_NUMBER: 1
[DEBUG] 10:51:27:976 MEM/(6673:6673): segments-pages, pid = '1', n_frames = '10'
[DEBUG] 10:51:27:976 MEM/(6673:6673): NO TENGO FRAMES DISPONIBLES.
[DEBUG] 10:51:27:976 MEM/(6673:6673): segments-pages, pid = '1', n_frames = '1'
[DEBUG] 10:51:27:976 MEM/(6673:6673): TENGO FRAMES DISPONIBLES!
[DEBUG] 10:51:27:976 MEM/(6673:6673): adm_table_seg_new!
[DEBUG] 10:51:27:976 MEM/(6673:6673): get_free_frame!
[DEBUG] 10:51:27:976 MEM/(6673:6673): get_free_frame! 0
[DEBUG] 10:51:27:976 MEM/(6673:6673): known_paginas 1
[DEBUG] 10:51:27:976 MEM/(6673:6673): adm_table_pag_new!
[DEBUG] 10:51:27:976 MEM/(6673:6673): segments-pages, pid = '1', n_frames = '1'
[DEBUG] 10:51:27:976 MEM/(6673:6673): TENGO FRAMES DISPONIBLES!
[DEBUG] 10:51:27:976 MEM/(6673:6673): adm_table_seg_new!
[DEBUG] 10:51:27:976 MEM/(6673:6673): get_free_frame!
[DEBUG] 10:51:27:976 MEM/(6673:6673): get_free_frame! 1
[DEBUG] 10:51:27:976 MEM/(6673:6673): known_paginas 1
[DEBUG] 10:51:27:976 MEM/(6673:6673): adm_table_pag_new!
[DEBUG] 10:51:27:976 MEM/(6673:6673): NO ENCONTRE ESL SEGMENTO.
[DEBUG] 10:51:27:976 MEM/(6673:6673): ENCONTRE EL SEGMENTO!
[DEBUG] 10:51:27:976 MEM/(6673:6673): ENCONTRE EL SEGMENTO!
[DEBUG] 10:51:27:976 MEM/(6673:6673): NO ENCONTRE ESL SEGMENTO.
[DEBUG] 10:51:27:976 MEM/(6673:6673): NO ENCONTRE ESL SEGMENTO.
[DEBUG] 10:51:27:976 MEM/(6673:6673): ENCONTRE EL SEGMENTO!
[DEBUG] 10:51:27:976 MEM/(6673:6673): NO ENCONTRE ESL SEGMENTO.
[DEBUG] 10:51:27:976 MEM/(6673:6673): ENCONTRE EL SEGMENTO!
[DEBUG] 10:51:27:976 MEM/(6673:6673): NO ENCONTRE ESL SEGMENTO.
[DEBUG] 10:51:27:976 MEM/(6673:6673): NO ENCONTRE ESL SEGMENTO.
[DEBUG] 10:51:27:976 MEM/(6673:6673): 
>PID: 1

TABLA DE SEGMENTOS:
FRAME: 0 | PID: 1 | SEGMENTO: 1
FRAME: 1 | PID: 1 | SEGMENTO: 2

LISTADO DE PROCESOS ACTIVOS:
ACTIVE PID: 1

CONTENIDO MEMORIA:
FRAME: 0 | PID: 1 | SEGMENTO: 1
HOLA
###########################################################################################################################################################################################################################################################################################################################################################################################################################################################################################################################################################################################################################################################################################################################################################################################################################################################################################################################################################################################################################################################
FRAME: 1 | PID: 1 | SEGMENTO: 2
################################################################################################################################################################################################################################################################################################################################################################################################################################################################################################################################################################################################################################################################################################################################################################################################################################################################################################################################################################################################################################################################




[DEBUG] 10:51:27:977 MEM/(6673:6673): NO ENCONTRE SEGMMENTO PARA LIBERAR.
[DEBUG] 10:51:27:977 MEM/(6673:6673): ENCONTRE SEGMENTOS PARA LIBERAR!
[DEBUG] 10:51:27:977 MEM/(6673:6673): NO ENCONTRE SEGMMENTO PARA LIBERAR.
[DEBUG] 10:51:27:977 MEM/(6673:6673): ENCONTRE SEGMENTOS PARA LIBERAR!
[DEBUG] 10:51:27:977 MEM/(6673:6673): SE LIBERA EL ID DEL PROCESO.
[INFO] 10:51:27:982 MEM/(6673:6673): Se generó el hilo para la consola.
[INFO] 10:51:27:982 MEM/(6673:6673): Socket creado correctamente.
[INFO] 10:51:27:982 MEM/(6673:6673): Socket bindeado correctamente.
[INFO] 10:51:27:982 MEM/(6673:6673): Escuchando conexiones.
[INFO] 10:57:56:714 MEM/(6879:6879): *************** NUEVO LOG ***************
[INFO] 10:57:56:714 MEM/(6879:6879): Se abrió el archivo de configuración correctamente.
[INFO] 10:57:56:714 MEM/(6879:6879): PUERTO: 8000
[INFO] 10:57:56:714 MEM/(6879:6879): IP_FS: 192.168.1.2
[INFO] 10:57:56:714 MEM/(6879:6879): PUERTO_FS: 8001
[INFO] 10:57:56:714 MEM/(6879:6879): RETARDO_MEM: 600
[INFO] 10:57:56:714 MEM/(6879:6879): RETARDO_FS: 600
[INFO] 10:57:56:714 MEM/(6879:6879): TAM_MEM: 2048
[INFO] 10:57:56:714 MEM/(6879:6879): RETARDO_JOURNAL: 60000
[INFO] 10:57:56:714 MEM/(6879:6879): RETARDO_GOSSIPING: 30000
[INFO] 10:57:56:714 MEM/(6879:6879): MEMORY_NUMBER: 1
[DEBUG] 10:57:56:714 MEM/(6879:6879): segments-pages, pid = '1', n_frames = '10'
[DEBUG] 10:57:56:714 MEM/(6879:6879): NO TENGO FRAMES DISPONIBLES.
[DEBUG] 10:57:56:714 MEM/(6879:6879): segments-pages, pid = '1', n_frames = '1'
[DEBUG] 10:57:56:714 MEM/(6879:6879): TENGO FRAMES DISPONIBLES!
[DEBUG] 10:57:56:714 MEM/(6879:6879): adm_table_seg_new!
[DEBUG] 10:57:56:714 MEM/(6879:6879): get_free_frame!
[DEBUG] 10:57:56:714 MEM/(6879:6879): get_free_frame! 0
[DEBUG] 10:57:56:714 MEM/(6879:6879): known_paginas 1
[DEBUG] 10:57:56:714 MEM/(6879:6879): adm_table_pag_new!
[DEBUG] 10:57:56:714 MEM/(6879:6879): segments-pages, pid = '1', n_frames = '1'
[DEBUG] 10:57:56:714 MEM/(6879:6879): TENGO FRAMES DISPONIBLES!
[DEBUG] 10:57:56:714 MEM/(6879:6879): adm_table_seg_new!
[DEBUG] 10:57:56:714 MEM/(6879:6879): get_free_frame!
[DEBUG] 10:57:56:714 MEM/(6879:6879): get_free_frame! 1
[DEBUG] 10:57:56:714 MEM/(6879:6879): known_paginas 1
[DEBUG] 10:57:56:714 MEM/(6879:6879): adm_table_pag_new!
[DEBUG] 10:57:56:714 MEM/(6879:6879): NO ENCONTRE ESL SEGMENTO.
[DEBUG] 10:57:56:714 MEM/(6879:6879): ENCONTRE EL SEGMENTO!
[DEBUG] 10:57:56:714 MEM/(6879:6879): ENCONTRE EL SEGMENTO!
[DEBUG] 10:57:56:714 MEM/(6879:6879): NO ENCONTRE ESL SEGMENTO.
[DEBUG] 10:57:56:714 MEM/(6879:6879): NO ENCONTRE ESL SEGMENTO.
[DEBUG] 10:57:56:714 MEM/(6879:6879): ENCONTRE EL SEGMENTO!
[DEBUG] 10:57:56:715 MEM/(6879:6879): NO ENCONTRE ESL SEGMENTO.
[DEBUG] 10:57:56:715 MEM/(6879:6879): ENCONTRE EL SEGMENTO!
[DEBUG] 10:57:56:715 MEM/(6879:6879): NO ENCONTRE ESL SEGMENTO.
[DEBUG] 10:57:56:715 MEM/(6879:6879): NO ENCONTRE ESL SEGMENTO.
[DEBUG] 10:57:56:715 MEM/(6879:6879): 
>PID: 1

TABLA DE SEGMENTOS:
FRAME: 0 | PID: 1 | SEGMENTO: 1
FRAME: 1 | PID: 1 | SEGMENTO: 2

LISTADO DE PROCESOS ACTIVOS:
ACTIVE PID: 1

CONTENIDO MEMORIA:
FRAME: 0 | PID: 1 | SEGMENTO: 1
HOLA
###########################################################################################################################################################################################################################################################################################################################################################################################################################################################################################################################################################################################################################################################################################################################################################################################################################################################################################################################################################################################################################################################
FRAME: 1 | PID: 1 | SEGMENTO: 2
################################################################################################################################################################################################################################################################################################################################################################################################################################################################################################################################################################################################################################################################################################################################################################################################################################################################################################################################################################################################################################################################




[DEBUG] 10:57:56:715 MEM/(6879:6879): NO ENCONTRE SEGMMENTO PARA LIBERAR.
[DEBUG] 10:57:56:715 MEM/(6879:6879): ENCONTRE SEGMENTOS PARA LIBERAR!
[DEBUG] 10:57:56:715 MEM/(6879:6879): NO ENCONTRE SEGMMENTO PARA LIBERAR.
[DEBUG] 10:57:56:715 MEM/(6879:6879): ENCONTRE SEGMENTOS PARA LIBERAR!
[DEBUG] 10:57:56:715 MEM/(6879:6879): SE LIBERA EL ID DEL PROCESO.
[INFO] 10:57:56:719 MEM/(6879:6879): Se generó el hilo para la consola.
[INFO] 10:57:56:720 MEM/(6879:6879): Socket creado correctamente.
[INFO] 10:57:56:720 MEM/(6879:6879): Socket bindeado correctamente.
[INFO] 10:57:56:720 MEM/(6879:6879): Escuchando conexiones.
[INFO] 10:58:24:644 MEM/(6930:6930): *************** NUEVO LOG ***************
[INFO] 10:58:24:644 MEM/(6930:6930): Se abrió el archivo de configuración correctamente.
[INFO] 10:58:24:644 MEM/(6930:6930): PUERTO: 8000
[INFO] 10:58:24:644 MEM/(6930:6930): IP_FS: 192.168.1.2
[INFO] 10:58:24:645 MEM/(6930:6930): PUERTO_FS: 8001
[INFO] 10:58:24:645 MEM/(6930:6930): RETARDO_MEM: 600
[INFO] 10:58:24:645 MEM/(6930:6930): RETARDO_FS: 600
[INFO] 10:58:24:645 MEM/(6930:6930): TAM_MEM: 2048
[INFO] 10:58:24:645 MEM/(6930:6930): RETARDO_JOURNAL: 60000
[INFO] 10:58:24:645 MEM/(6930:6930): RETARDO_GOSSIPING: 30000
[INFO] 10:58:24:645 MEM/(6930:6930): MEMORY_NUMBER: 1
[DEBUG] 10:58:24:645 MEM/(6930:6930): segments-pages, pid = '1', n_frames = '10'
[DEBUG] 10:58:24:645 MEM/(6930:6930): NO TENGO FRAMES DISPONIBLES.
[DEBUG] 10:58:24:645 MEM/(6930:6930): segments-pages, pid = '1', n_frames = '1'
[DEBUG] 10:58:24:645 MEM/(6930:6930): TENGO FRAMES DISPONIBLES!
[DEBUG] 10:58:24:645 MEM/(6930:6930): adm_table_seg_new!
[DEBUG] 10:58:24:645 MEM/(6930:6930): get_free_frame!
[DEBUG] 10:58:24:645 MEM/(6930:6930): get_free_frame! 0
[DEBUG] 10:58:24:645 MEM/(6930:6930): known_paginas 1
[DEBUG] 10:58:24:645 MEM/(6930:6930): adm_table_pag_new!
[DEBUG] 10:58:24:645 MEM/(6930:6930): segments-pages, pid = '1', n_frames = '1'
[DEBUG] 10:58:24:645 MEM/(6930:6930): TENGO FRAMES DISPONIBLES!
[DEBUG] 10:58:24:645 MEM/(6930:6930): adm_table_seg_new!
[DEBUG] 10:58:24:645 MEM/(6930:6930): get_free_frame!
[DEBUG] 10:58:24:645 MEM/(6930:6930): get_free_frame! 1
[DEBUG] 10:58:24:645 MEM/(6930:6930): known_paginas 1
[DEBUG] 10:58:24:645 MEM/(6930:6930): adm_table_pag_new!
[DEBUG] 10:58:24:645 MEM/(6930:6930): NO ENCONTRE ESL SEGMENTO.
[DEBUG] 10:58:24:645 MEM/(6930:6930): ENCONTRE EL SEGMENTO!
[DEBUG] 10:58:24:645 MEM/(6930:6930): ENCONTRE EL SEGMENTO!
[DEBUG] 10:58:24:645 MEM/(6930:6930): NO ENCONTRE ESL SEGMENTO.
[DEBUG] 10:58:24:645 MEM/(6930:6930): NO ENCONTRE ESL SEGMENTO.
[DEBUG] 10:58:24:645 MEM/(6930:6930): ENCONTRE EL SEGMENTO!
[DEBUG] 10:58:24:645 MEM/(6930:6930): NO ENCONTRE ESL SEGMENTO.
[DEBUG] 10:58:24:645 MEM/(6930:6930): ENCONTRE EL SEGMENTO!
[DEBUG] 10:58:24:645 MEM/(6930:6930): NO ENCONTRE ESL SEGMENTO.
[DEBUG] 10:58:24:645 MEM/(6930:6930): NO ENCONTRE ESL SEGMENTO.
[DEBUG] 10:58:24:645 MEM/(6930:6930): 
>PID: 1

TABLA DE SEGMENTOS:
FRAME: 0 | PID: 1 | SEGMENTO: 1
FRAME: 1 | PID: 1 | SEGMENTO: 2

LISTADO DE PROCESOS ACTIVOS:
ACTIVE PID: 1

CONTENIDO MEMORIA:
FRAME: 0 | PID: 1 | SEGMENTO: 1
HOLA
###########################################################################################################################################################################################################################################################################################################################################################################################################################################################################################################################################################################################################################################################################################################################################################################################################################################################################################################################################################################################################################################################
FRAME: 1 | PID: 1 | SEGMENTO: 2
################################################################################################################################################################################################################################################################################################################################################################################################################################################################################################################################################################################################################################################################################################################################################################################################################################################################################################################################################################################################################################################################




[DEBUG] 10:58:24:646 MEM/(6930:6930): NO ENCONTRE SEGMMENTO PARA LIBERAR.
[DEBUG] 10:58:24:646 MEM/(6930:6930): ENCONTRE SEGMENTOS PARA LIBERAR!
[DEBUG] 10:58:24:646 MEM/(6930:6930): NO ENCONTRE SEGMMENTO PARA LIBERAR.
[DEBUG] 10:58:24:646 MEM/(6930:6930): ENCONTRE SEGMENTOS PARA LIBERAR!
[DEBUG] 10:58:24:646 MEM/(6930:6930): SE LIBERA EL ID DEL PROCESO.
[INFO] 10:58:24:659 MEM/(6930:6930): Se generó el hilo para la consola.
[INFO] 10:58:24:662 MEM/(6930:6930): Socket creado correctamente.
[INFO] 10:58:24:662 MEM/(6930:6930): Socket bindeado correctamente.
[INFO] 10:58:24:662 MEM/(6930:6930): Escuchando conexiones.
[INFO] 11:00:18:31 MEM/(7043:7043): *************** NUEVO LOG ***************
[INFO] 11:00:18:31 MEM/(7043:7043): Se abrió el archivo de configuración correctamente.
[INFO] 11:00:18:31 MEM/(7043:7043): PUERTO: 8000
[INFO] 11:00:18:31 MEM/(7043:7043): IP_FS: 192.168.1.2
[INFO] 11:00:18:31 MEM/(7043:7043): PUERTO_FS: 8001
[INFO] 11:00:18:31 MEM/(7043:7043): RETARDO_MEM: 600
[INFO] 11:00:18:31 MEM/(7043:7043): RETARDO_FS: 600
[INFO] 11:00:18:31 MEM/(7043:7043): TAM_MEM: 2048
[INFO] 11:00:18:31 MEM/(7043:7043): RETARDO_JOURNAL: 60000
[INFO] 11:00:18:31 MEM/(7043:7043): RETARDO_GOSSIPING: 30000
[INFO] 11:00:18:31 MEM/(7043:7043): MEMORY_NUMBER: 1
[DEBUG] 11:00:18:31 MEM/(7043:7043): segments-pages, pid = '1', n_frames = '10'
[DEBUG] 11:00:18:31 MEM/(7043:7043): NO TENGO FRAMES DISPONIBLES.
[DEBUG] 11:00:18:31 MEM/(7043:7043): segments-pages, pid = '1', n_frames = '1'
[DEBUG] 11:00:18:31 MEM/(7043:7043): TENGO FRAMES DISPONIBLES!
[DEBUG] 11:00:18:31 MEM/(7043:7043): adm_table_seg_new!
[DEBUG] 11:00:18:32 MEM/(7043:7043): get_free_frame!
[DEBUG] 11:00:18:32 MEM/(7043:7043): get_free_frame! 0
[DEBUG] 11:00:18:32 MEM/(7043:7043): known_paginas 1
[DEBUG] 11:00:18:32 MEM/(7043:7043): adm_table_pag_new!
[DEBUG] 11:00:18:32 MEM/(7043:7043): segments-pages, pid = '1', n_frames = '1'
[DEBUG] 11:00:18:32 MEM/(7043:7043): TENGO FRAMES DISPONIBLES!
[DEBUG] 11:00:18:32 MEM/(7043:7043): adm_table_seg_new!
[DEBUG] 11:00:18:32 MEM/(7043:7043): get_free_frame!
[DEBUG] 11:00:18:32 MEM/(7043:7043): get_free_frame! 1
[DEBUG] 11:00:18:32 MEM/(7043:7043): known_paginas 1
[DEBUG] 11:00:18:32 MEM/(7043:7043): adm_table_pag_new!
[DEBUG] 11:00:18:32 MEM/(7043:7043): NO ENCONTRE ESL SEGMENTO.
[DEBUG] 11:00:18:32 MEM/(7043:7043): ENCONTRE EL SEGMENTO!
[DEBUG] 11:00:18:32 MEM/(7043:7043): ENCONTRE EL SEGMENTO!
[DEBUG] 11:00:18:32 MEM/(7043:7043): NO ENCONTRE ESL SEGMENTO.
[DEBUG] 11:00:18:32 MEM/(7043:7043): NO ENCONTRE ESL SEGMENTO.
[DEBUG] 11:00:18:32 MEM/(7043:7043): ENCONTRE EL SEGMENTO!
[DEBUG] 11:00:18:32 MEM/(7043:7043): NO ENCONTRE ESL SEGMENTO.
[DEBUG] 11:00:18:32 MEM/(7043:7043): ENCONTRE EL SEGMENTO!
[DEBUG] 11:00:18:32 MEM/(7043:7043): NO ENCONTRE ESL SEGMENTO.
[DEBUG] 11:00:18:32 MEM/(7043:7043): NO ENCONTRE ESL SEGMENTO.
[DEBUG] 11:00:18:32 MEM/(7043:7043): 
>PID: 1

TABLA DE SEGMENTOS:
FRAME: 0 | PID: 1 | SEGMENTO: 1
FRAME: 1 | PID: 1 | SEGMENTO: 2

LISTADO DE PROCESOS ACTIVOS:
ACTIVE PID: 1

CONTENIDO MEMORIA:
FRAME: 0 | PID: 1 | SEGMENTO: 1
HOLA
###########################################################################################################################################################################################################################################################################################################################################################################################################################################################################################################################################################################################################################################################################################################################################################################################################################################################################################################################################################################################################################################################
FRAME: 1 | PID: 1 | SEGMENTO: 2
################################################################################################################################################################################################################################################################################################################################################################################################################################################################################################################################################################################################################################################################################################################################################################################################################################################################################################################################################################################################################################################################




[DEBUG] 11:00:18:32 MEM/(7043:7043): NO ENCONTRE SEGMMENTO PARA LIBERAR.
[DEBUG] 11:00:18:32 MEM/(7043:7043): ENCONTRE SEGMENTOS PARA LIBERAR!
[DEBUG] 11:00:18:32 MEM/(7043:7043): NO ENCONTRE SEGMMENTO PARA LIBERAR.
[DEBUG] 11:00:18:32 MEM/(7043:7043): ENCONTRE SEGMENTOS PARA LIBERAR!
[DEBUG] 11:00:18:32 MEM/(7043:7043): SE LIBERA EL ID DEL PROCESO.
[INFO] 11:00:18:42 MEM/(7043:7043): Se generó el hilo para la consola.
[INFO] 11:00:18:42 MEM/(7043:7043): Socket creado correctamente.
[INFO] 11:00:18:42 MEM/(7043:7043): Socket bindeado correctamente.
[INFO] 11:00:18:42 MEM/(7043:7043): Escuchando conexiones.
[INFO] 11:00:37:901 MEM/(7043:7052): ********* FIN DEL PROCESO FM9 *********
[INFO] 11:01:14:446 MEM/(7104:7104): *************** NUEVO LOG ***************
[INFO] 11:01:14:449 MEM/(7104:7104): Se abrió el archivo de configuración correctamente.
[INFO] 11:01:14:449 MEM/(7104:7104): PUERTO: 8000
[INFO] 11:01:14:449 MEM/(7104:7104): IP_FS: 192.168.1.2
[INFO] 11:01:14:449 MEM/(7104:7104): PUERTO_FS: 8001
[INFO] 11:01:14:449 MEM/(7104:7104): RETARDO_MEM: 600
[INFO] 11:01:14:449 MEM/(7104:7104): RETARDO_FS: 600
[INFO] 11:01:14:450 MEM/(7104:7104): TAM_MEM: 2048
[INFO] 11:01:14:450 MEM/(7104:7104): RETARDO_JOURNAL: 60000
[INFO] 11:01:14:450 MEM/(7104:7104): RETARDO_GOSSIPING: 30000
[INFO] 11:01:14:450 MEM/(7104:7104): MEMORY_NUMBER: 1
[DEBUG] 11:01:14:450 MEM/(7104:7104): segments-pages, pid = '1', n_frames = '10'
[DEBUG] 11:01:14:450 MEM/(7104:7104): NO TENGO FRAMES DISPONIBLES.
[DEBUG] 11:01:14:450 MEM/(7104:7104): segments-pages, pid = '1', n_frames = '1'
[DEBUG] 11:01:14:450 MEM/(7104:7104): TENGO FRAMES DISPONIBLES!
[DEBUG] 11:01:14:450 MEM/(7104:7104): adm_table_seg_new!
[DEBUG] 11:01:14:450 MEM/(7104:7104): get_free_frame!
[DEBUG] 11:01:14:450 MEM/(7104:7104): get_free_frame! 0
[DEBUG] 11:01:14:450 MEM/(7104:7104): known_paginas 1
[DEBUG] 11:01:14:450 MEM/(7104:7104): adm_table_pag_new!
[DEBUG] 11:01:14:450 MEM/(7104:7104): segments-pages, pid = '1', n_frames = '1'
[DEBUG] 11:01:14:450 MEM/(7104:7104): TENGO FRAMES DISPONIBLES!
[DEBUG] 11:01:14:450 MEM/(7104:7104): adm_table_seg_new!
[DEBUG] 11:01:14:450 MEM/(7104:7104): get_free_frame!
[DEBUG] 11:01:14:451 MEM/(7104:7104): get_free_frame! 1
[DEBUG] 11:01:14:451 MEM/(7104:7104): known_paginas 1
[DEBUG] 11:01:14:451 MEM/(7104:7104): adm_table_pag_new!
[DEBUG] 11:01:14:451 MEM/(7104:7104): NO ENCONTRE ESL SEGMENTO.
[DEBUG] 11:01:14:451 MEM/(7104:7104): ENCONTRE EL SEGMENTO!
[DEBUG] 11:01:14:451 MEM/(7104:7104): ENCONTRE EL SEGMENTO!
[DEBUG] 11:01:14:451 MEM/(7104:7104): NO ENCONTRE ESL SEGMENTO.
[DEBUG] 11:01:14:451 MEM/(7104:7104): NO ENCONTRE ESL SEGMENTO.
[DEBUG] 11:01:14:451 MEM/(7104:7104): ENCONTRE EL SEGMENTO!
[DEBUG] 11:01:14:451 MEM/(7104:7104): NO ENCONTRE ESL SEGMENTO.
[DEBUG] 11:01:14:452 MEM/(7104:7104): ENCONTRE EL SEGMENTO!
[DEBUG] 11:01:14:452 MEM/(7104:7104): NO ENCONTRE ESL SEGMENTO.
[DEBUG] 11:01:14:452 MEM/(7104:7104): NO ENCONTRE ESL SEGMENTO.
[DEBUG] 11:01:14:453 MEM/(7104:7104): 
>PID: 1

TABLA DE SEGMENTOS:
FRAME: 0 | PID: 1 | SEGMENTO: 1
FRAME: 1 | PID: 1 | SEGMENTO: 2

LISTADO DE PROCESOS ACTIVOS:
ACTIVE PID: 1

CONTENIDO MEMORIA:
FRAME: 0 | PID: 1 | SEGMENTO: 1
HOLA
###########################################################################################################################################################################################################################################################################################################################################################################################################################################################################################################################################################################################################################################################################################################################################################################################################################################################################################################################################################################################################################################################
FRAME: 1 | PID: 1 | SEGMENTO: 2
################################################################################################################################################################################################################################################################################################################################################################################################################################################################################################################################################################################################################################################################################################################################################################################################################################################################################################################################################################################################################################################################




[DEBUG] 11:01:14:455 MEM/(7104:7104): NO ENCONTRE SEGMMENTO PARA LIBERAR.
[DEBUG] 11:01:14:456 MEM/(7104:7104): ENCONTRE SEGMENTOS PARA LIBERAR!
[DEBUG] 11:01:14:456 MEM/(7104:7104): NO ENCONTRE SEGMMENTO PARA LIBERAR.
[DEBUG] 11:01:14:456 MEM/(7104:7104): ENCONTRE SEGMENTOS PARA LIBERAR!
[DEBUG] 11:01:14:456 MEM/(7104:7104): SE LIBERA EL ID DEL PROCESO.
[INFO] 11:01:14:456 MEM/(7104:7104): Se generó el hilo para la consola.
[INFO] 11:01:14:456 MEM/(7104:7104): Socket creado correctamente.
[ERROR] 11:03:21:719 MEM/(7104:7104): No se pudo conectar al Servidor.
[INFO] 11:03:21:720 MEM/(7104:7104): ********* FIN DEL PROCESO FM9 *********
[INFO] 11:17:46:147 MEM/(7609:7609): *************** NUEVO LOG ***************
[INFO] 11:17:46:147 MEM/(7609:7609): Se abrió el archivo de configuración correctamente.
[INFO] 11:17:46:147 MEM/(7609:7609): PUERTO: 8000
[INFO] 11:17:46:147 MEM/(7609:7609): IP_FS: 192.168.1.2
[INFO] 11:17:46:147 MEM/(7609:7609): PUERTO_FS: 8001
[INFO] 11:17:46:147 MEM/(7609:7609): RETARDO_MEM: 600
[INFO] 11:17:46:147 MEM/(7609:7609): RETARDO_FS: 600
[INFO] 11:17:46:147 MEM/(7609:7609): TAM_MEM: 2048
[INFO] 11:17:46:147 MEM/(7609:7609): RETARDO_JOURNAL: 60000
[INFO] 11:17:46:148 MEM/(7609:7609): RETARDO_GOSSIPING: 30000
[INFO] 11:17:46:148 MEM/(7609:7609): MEMORY_NUMBER: 1
[DEBUG] 11:17:46:148 MEM/(7609:7609): segments-pages, pid = '1', n_frames = '10'
[DEBUG] 11:17:46:148 MEM/(7609:7609): NO TENGO FRAMES DISPONIBLES.
[DEBUG] 11:17:46:148 MEM/(7609:7609): segments-pages, pid = '1', n_frames = '1'
[DEBUG] 11:17:46:148 MEM/(7609:7609): TENGO FRAMES DISPONIBLES!
[DEBUG] 11:17:46:148 MEM/(7609:7609): adm_table_seg_new!
[DEBUG] 11:17:46:148 MEM/(7609:7609): get_free_frame!
[DEBUG] 11:17:46:148 MEM/(7609:7609): get_free_frame! 0
[DEBUG] 11:17:46:148 MEM/(7609:7609): known_paginas 1
[DEBUG] 11:17:46:148 MEM/(7609:7609): adm_table_pag_new!
[DEBUG] 11:17:46:148 MEM/(7609:7609): segments-pages, pid = '1', n_frames = '1'
[DEBUG] 11:17:46:148 MEM/(7609:7609): TENGO FRAMES DISPONIBLES!
[DEBUG] 11:17:46:148 MEM/(7609:7609): adm_table_seg_new!
[DEBUG] 11:17:46:149 MEM/(7609:7609): get_free_frame!
[DEBUG] 11:17:46:149 MEM/(7609:7609): get_free_frame! 1
[DEBUG] 11:17:46:149 MEM/(7609:7609): known_paginas 1
[DEBUG] 11:17:46:149 MEM/(7609:7609): adm_table_pag_new!
[DEBUG] 11:17:46:149 MEM/(7609:7609): NO ENCONTRE ESL SEGMENTO.
[DEBUG] 11:17:46:149 MEM/(7609:7609): ENCONTRE EL SEGMENTO!
[DEBUG] 11:17:46:154 MEM/(7609:7609): ENCONTRE EL SEGMENTO!
[DEBUG] 11:17:46:154 MEM/(7609:7609): NO ENCONTRE ESL SEGMENTO.
[DEBUG] 11:17:46:154 MEM/(7609:7609): NO ENCONTRE ESL SEGMENTO.
[DEBUG] 11:17:46:154 MEM/(7609:7609): ENCONTRE EL SEGMENTO!
[DEBUG] 11:17:46:154 MEM/(7609:7609): NO ENCONTRE ESL SEGMENTO.
[DEBUG] 11:17:46:158 MEM/(7609:7609): ENCONTRE EL SEGMENTO!
[DEBUG] 11:17:46:159 MEM/(7609:7609): NO ENCONTRE ESL SEGMENTO.
[DEBUG] 11:17:46:159 MEM/(7609:7609): NO ENCONTRE ESL SEGMENTO.
[DEBUG] 11:17:46:159 MEM/(7609:7609): 
>PID: 1

TABLA DE SEGMENTOS:
FRAME: 0 | PID: 1 | SEGMENTO: 1
FRAME: 1 | PID: 1 | SEGMENTO: 2

LISTADO DE PROCESOS ACTIVOS:
ACTIVE PID: 1

CONTENIDO MEMORIA:
FRAME: 0 | PID: 1 | SEGMENTO: 1
HOLA
###########################################################################################################################################################################################################################################################################################################################################################################################################################################################################################################################################################################################################################################################################################################################################################################################################################################################################################################################################################################################################################################################
FRAME: 1 | PID: 1 | SEGMENTO: 2
################################################################################################################################################################################################################################################################################################################################################################################################################################################################################################################################################################################################################################################################################################################################################################################################################################################################################################################################################################################################################################################################




[DEBUG] 11:17:46:160 MEM/(7609:7609): NO ENCONTRE SEGMMENTO PARA LIBERAR.
[DEBUG] 11:17:46:160 MEM/(7609:7609): ENCONTRE SEGMENTOS PARA LIBERAR!
[DEBUG] 11:17:46:160 MEM/(7609:7609): NO ENCONTRE SEGMMENTO PARA LIBERAR.
[DEBUG] 11:17:46:160 MEM/(7609:7609): ENCONTRE SEGMENTOS PARA LIBERAR!
[DEBUG] 11:17:46:160 MEM/(7609:7609): SE LIBERA EL ID DEL PROCESO.
[INFO] 11:17:46:160 MEM/(7609:7609): Se generó el hilo para la consola.
[INFO] 11:17:46:160 MEM/(7609:7609): Socket creado correctamente.
[ERROR] 11:18:33:994 MEM/(7609:7609): No se pudo conectar al Servidor.
[INFO] 11:18:33:995 MEM/(7609:7609): ********* FIN DEL PROCESO FM9 *********
[INFO] 11:23:15:14 MEM/(7706:7706): *************** NUEVO LOG ***************
[INFO] 11:23:15:15 MEM/(7706:7706): Se abrió el archivo de configuración correctamente.
[INFO] 11:23:15:15 MEM/(7706:7706): PUERTO: 8000
[INFO] 11:23:15:15 MEM/(7706:7706): IP_FS: 192.168.1.2
[INFO] 11:23:15:15 MEM/(7706:7706): PUERTO_FS: 8001
[INFO] 11:23:15:15 MEM/(7706:7706): RETARDO_MEM: 600
[INFO] 11:23:15:15 MEM/(7706:7706): RETARDO_FS: 600
[INFO] 11:23:15:15 MEM/(7706:7706): TAM_MEM: 2048
[INFO] 11:23:15:15 MEM/(7706:7706): RETARDO_JOURNAL: 60000
[INFO] 11:23:15:15 MEM/(7706:7706): RETARDO_GOSSIPING: 30000
[INFO] 11:23:15:15 MEM/(7706:7706): MEMORY_NUMBER: 1
[DEBUG] 11:23:15:15 MEM/(7706:7706): segments-pages, pid = '1', n_frames = '10'
[DEBUG] 11:23:15:15 MEM/(7706:7706): NO TENGO FRAMES DISPONIBLES.
[DEBUG] 11:23:15:15 MEM/(7706:7706): segments-pages, pid = '1', n_frames = '1'
[DEBUG] 11:23:15:19 MEM/(7706:7706): TENGO FRAMES DISPONIBLES!
[DEBUG] 11:23:15:20 MEM/(7706:7706): adm_table_seg_new!
[DEBUG] 11:23:15:22 MEM/(7706:7706): get_free_frame!
[DEBUG] 11:23:15:22 MEM/(7706:7706): get_free_frame! 0
[DEBUG] 11:23:15:22 MEM/(7706:7706): known_paginas 1
[DEBUG] 11:23:15:23 MEM/(7706:7706): adm_table_pag_new!
[DEBUG] 11:23:15:23 MEM/(7706:7706): segments-pages, pid = '1', n_frames = '1'
[DEBUG] 11:23:15:23 MEM/(7706:7706): TENGO FRAMES DISPONIBLES!
[DEBUG] 11:23:15:23 MEM/(7706:7706): adm_table_seg_new!
[DEBUG] 11:23:15:23 MEM/(7706:7706): get_free_frame!
[DEBUG] 11:23:15:23 MEM/(7706:7706): get_free_frame! 1
[DEBUG] 11:23:15:23 MEM/(7706:7706): known_paginas 1
[DEBUG] 11:23:15:23 MEM/(7706:7706): adm_table_pag_new!
[DEBUG] 11:23:15:23 MEM/(7706:7706): NO ENCONTRE ESL SEGMENTO.
[DEBUG] 11:23:15:23 MEM/(7706:7706): ENCONTRE EL SEGMENTO!
[DEBUG] 11:23:15:23 MEM/(7706:7706): ENCONTRE EL SEGMENTO!
[DEBUG] 11:23:15:23 MEM/(7706:7706): NO ENCONTRE ESL SEGMENTO.
[DEBUG] 11:23:15:23 MEM/(7706:7706): NO ENCONTRE ESL SEGMENTO.
[DEBUG] 11:23:15:23 MEM/(7706:7706): ENCONTRE EL SEGMENTO!
[DEBUG] 11:23:15:24 MEM/(7706:7706): NO ENCONTRE ESL SEGMENTO.
[DEBUG] 11:23:15:24 MEM/(7706:7706): ENCONTRE EL SEGMENTO!
[DEBUG] 11:23:15:24 MEM/(7706:7706): NO ENCONTRE ESL SEGMENTO.
[DEBUG] 11:23:15:24 MEM/(7706:7706): NO ENCONTRE ESL SEGMENTO.
[DEBUG] 11:23:15:24 MEM/(7706:7706): 
>PID: 1

TABLA DE SEGMENTOS:
FRAME: 0 | PID: 1 | SEGMENTO: 1
FRAME: 1 | PID: 1 | SEGMENTO: 2

LISTADO DE PROCESOS ACTIVOS:
ACTIVE PID: 1

CONTENIDO MEMORIA:
FRAME: 0 | PID: 1 | SEGMENTO: 1
HOLA
###########################################################################################################################################################################################################################################################################################################################################################################################################################################################################################################################################################################################################################################################################################################################################################################################################################################################################################################################################################################################################################################################
FRAME: 1 | PID: 1 | SEGMENTO: 2
################################################################################################################################################################################################################################################################################################################################################################################################################################################################################################################################################################################################################################################################################################################################################################################################################################################################################################################################################################################################################################################################




[DEBUG] 11:23:15:25 MEM/(7706:7706): NO ENCONTRE SEGMMENTO PARA LIBERAR.
[DEBUG] 11:23:15:25 MEM/(7706:7706): ENCONTRE SEGMENTOS PARA LIBERAR!
[DEBUG] 11:23:15:25 MEM/(7706:7706): NO ENCONTRE SEGMMENTO PARA LIBERAR.
[DEBUG] 11:23:15:25 MEM/(7706:7706): ENCONTRE SEGMENTOS PARA LIBERAR!
[DEBUG] 11:23:15:25 MEM/(7706:7706): SE LIBERA EL ID DEL PROCESO.
[INFO] 11:23:15:25 MEM/(7706:7706): Se generó el hilo para la consola.
[INFO] 11:23:15:25 MEM/(7706:7706): Socket creado correctamente.
[ERROR] 11:25:22:294 MEM/(7706:7706): No se pudo conectar al Servidor.
[INFO] 11:25:22:296 MEM/(7706:7706): ********* FIN DEL PROCESO FM9 *********
[INFO] 11:26:37:387 MEM/(7815:7815): *************** NUEVO LOG ***************
[INFO] 11:26:37:388 MEM/(7815:7815): Se abrió el archivo de configuración correctamente.
[INFO] 11:26:37:390 MEM/(7815:7815): PUERTO: 8000
[INFO] 11:26:37:390 MEM/(7815:7815): IP_FS: 192.168.1.2
[INFO] 11:26:37:390 MEM/(7815:7815): PUERTO_FS: 8001
[INFO] 11:26:37:390 MEM/(7815:7815): RETARDO_MEM: 600
[INFO] 11:26:37:391 MEM/(7815:7815): RETARDO_FS: 600
[INFO] 11:26:37:391 MEM/(7815:7815): TAM_MEM: 2048
[INFO] 11:26:37:391 MEM/(7815:7815): RETARDO_JOURNAL: 60000
[INFO] 11:26:37:391 MEM/(7815:7815): RETARDO_GOSSIPING: 30000
[INFO] 11:26:37:391 MEM/(7815:7815): MEMORY_NUMBER: 1
[DEBUG] 11:26:37:391 MEM/(7815:7815): segments-pages, pid = '1', n_frames = '10'
[DEBUG] 11:26:37:391 MEM/(7815:7815): NO TENGO FRAMES DISPONIBLES.
[DEBUG] 11:26:37:391 MEM/(7815:7815): segments-pages, pid = '1', n_frames = '1'
[DEBUG] 11:26:37:391 MEM/(7815:7815): TENGO FRAMES DISPONIBLES!
[DEBUG] 11:26:37:391 MEM/(7815:7815): adm_table_seg_new!
[DEBUG] 11:26:37:391 MEM/(7815:7815): get_free_frame!
[DEBUG] 11:26:37:391 MEM/(7815:7815): get_free_frame! 0
[DEBUG] 11:26:37:391 MEM/(7815:7815): known_paginas 1
[DEBUG] 11:26:37:392 MEM/(7815:7815): adm_table_pag_new!
[DEBUG] 11:26:37:392 MEM/(7815:7815): segments-pages, pid = '1', n_frames = '1'
[DEBUG] 11:26:37:392 MEM/(7815:7815): TENGO FRAMES DISPONIBLES!
[DEBUG] 11:26:37:392 MEM/(7815:7815): adm_table_seg_new!
[DEBUG] 11:26:37:392 MEM/(7815:7815): get_free_frame!
[DEBUG] 11:26:37:392 MEM/(7815:7815): get_free_frame! 1
[DEBUG] 11:26:37:392 MEM/(7815:7815): known_paginas 1
[DEBUG] 11:26:37:392 MEM/(7815:7815): adm_table_pag_new!
[DEBUG] 11:26:37:392 MEM/(7815:7815): NO ENCONTRE ESL SEGMENTO.
[DEBUG] 11:26:37:393 MEM/(7815:7815): ENCONTRE EL SEGMENTO!
[DEBUG] 11:26:37:393 MEM/(7815:7815): ENCONTRE EL SEGMENTO!
[DEBUG] 11:26:37:393 MEM/(7815:7815): NO ENCONTRE ESL SEGMENTO.
[DEBUG] 11:26:37:393 MEM/(7815:7815): NO ENCONTRE ESL SEGMENTO.
[DEBUG] 11:26:37:393 MEM/(7815:7815): ENCONTRE EL SEGMENTO!
[DEBUG] 11:26:37:393 MEM/(7815:7815): NO ENCONTRE ESL SEGMENTO.
[DEBUG] 11:26:37:393 MEM/(7815:7815): ENCONTRE EL SEGMENTO!
[DEBUG] 11:26:37:393 MEM/(7815:7815): NO ENCONTRE ESL SEGMENTO.
[DEBUG] 11:26:37:393 MEM/(7815:7815): NO ENCONTRE ESL SEGMENTO.
[DEBUG] 11:26:37:394 MEM/(7815:7815): 
>PID: 1

TABLA DE SEGMENTOS:
FRAME: 0 | PID: 1 | SEGMENTO: 1
FRAME: 1 | PID: 1 | SEGMENTO: 2

LISTADO DE PROCESOS ACTIVOS:
ACTIVE PID: 1

CONTENIDO MEMORIA:
FRAME: 0 | PID: 1 | SEGMENTO: 1
HOLA
###########################################################################################################################################################################################################################################################################################################################################################################################################################################################################################################################################################################################################################################################################################################################################################################################################################################################################################################################################################################################################################################################
FRAME: 1 | PID: 1 | SEGMENTO: 2
################################################################################################################################################################################################################################################################################################################################################################################################################################################################################################################################################################################################################################################################################################################################################################################################################################################################################################################################################################################################################################################################




[DEBUG] 11:26:37:394 MEM/(7815:7815): NO ENCONTRE SEGMMENTO PARA LIBERAR.
[DEBUG] 11:26:37:394 MEM/(7815:7815): ENCONTRE SEGMENTOS PARA LIBERAR!
[DEBUG] 11:26:37:394 MEM/(7815:7815): NO ENCONTRE SEGMMENTO PARA LIBERAR.
[DEBUG] 11:26:37:394 MEM/(7815:7815): ENCONTRE SEGMENTOS PARA LIBERAR!
[DEBUG] 11:26:37:394 MEM/(7815:7815): SE LIBERA EL ID DEL PROCESO.
[INFO] 11:26:37:395 MEM/(7815:7815): Se generó el hilo para la consola.
[INFO] 11:26:37:395 MEM/(7815:7815): Socket creado correctamente.
[ERROR] 11:27:01:503 MEM/(7815:7815): No se pudo conectar al Servidor.
[INFO] 11:27:01:503 MEM/(7815:7815): ********* FIN DEL PROCESO FM9 *********
[INFO] 11:27:42:632 MEM/(7880:7880): *************** NUEVO LOG ***************
[INFO] 11:27:42:632 MEM/(7880:7880): Se abrió el archivo de configuración correctamente.
[INFO] 11:27:42:633 MEM/(7880:7880): PUERTO: 8000
[INFO] 11:27:42:633 MEM/(7880:7880): IP_FS: 192.168.1.2
[INFO] 11:27:42:633 MEM/(7880:7880): PUERTO_FS: 8001
[INFO] 11:27:42:633 MEM/(7880:7880): RETARDO_MEM: 600
[INFO] 11:27:42:633 MEM/(7880:7880): RETARDO_FS: 600
[INFO] 11:27:42:633 MEM/(7880:7880): TAM_MEM: 2048
[INFO] 11:27:42:633 MEM/(7880:7880): RETARDO_JOURNAL: 60000
[INFO] 11:27:42:633 MEM/(7880:7880): RETARDO_GOSSIPING: 30000
[INFO] 11:27:42:633 MEM/(7880:7880): MEMORY_NUMBER: 1
[DEBUG] 11:27:42:634 MEM/(7880:7880): segments-pages, pid = '1', n_frames = '10'
[DEBUG] 11:27:42:634 MEM/(7880:7880): NO TENGO FRAMES DISPONIBLES.
[DEBUG] 11:27:42:634 MEM/(7880:7880): segments-pages, pid = '1', n_frames = '1'
[DEBUG] 11:27:42:634 MEM/(7880:7880): TENGO FRAMES DISPONIBLES!
[DEBUG] 11:27:42:634 MEM/(7880:7880): adm_table_seg_new!
[DEBUG] 11:27:42:634 MEM/(7880:7880): get_free_frame!
[DEBUG] 11:27:42:634 MEM/(7880:7880): get_free_frame! 0
[DEBUG] 11:27:42:634 MEM/(7880:7880): known_paginas 1
[DEBUG] 11:27:42:634 MEM/(7880:7880): adm_table_pag_new!
[DEBUG] 11:27:42:634 MEM/(7880:7880): segments-pages, pid = '1', n_frames = '1'
[DEBUG] 11:27:42:634 MEM/(7880:7880): TENGO FRAMES DISPONIBLES!
[DEBUG] 11:27:42:634 MEM/(7880:7880): adm_table_seg_new!
[DEBUG] 11:27:42:634 MEM/(7880:7880): get_free_frame!
[DEBUG] 11:27:42:634 MEM/(7880:7880): get_free_frame! 1
[DEBUG] 11:27:42:634 MEM/(7880:7880): known_paginas 1
[DEBUG] 11:27:42:634 MEM/(7880:7880): adm_table_pag_new!
[DEBUG] 11:27:42:634 MEM/(7880:7880): NO ENCONTRE ESL SEGMENTO.
[DEBUG] 11:27:42:634 MEM/(7880:7880): ENCONTRE EL SEGMENTO!
[DEBUG] 11:27:42:635 MEM/(7880:7880): ENCONTRE EL SEGMENTO!
[DEBUG] 11:27:42:635 MEM/(7880:7880): NO ENCONTRE ESL SEGMENTO.
[DEBUG] 11:27:42:635 MEM/(7880:7880): NO ENCONTRE ESL SEGMENTO.
[DEBUG] 11:27:42:635 MEM/(7880:7880): ENCONTRE EL SEGMENTO!
[DEBUG] 11:27:42:635 MEM/(7880:7880): NO ENCONTRE ESL SEGMENTO.
[DEBUG] 11:27:42:635 MEM/(7880:7880): ENCONTRE EL SEGMENTO!
[DEBUG] 11:27:42:635 MEM/(7880:7880): NO ENCONTRE ESL SEGMENTO.
[DEBUG] 11:27:42:635 MEM/(7880:7880): NO ENCONTRE ESL SEGMENTO.
[DEBUG] 11:27:42:636 MEM/(7880:7880): 
>PID: 1

TABLA DE SEGMENTOS:
FRAME: 0 | PID: 1 | SEGMENTO: 1
FRAME: 1 | PID: 1 | SEGMENTO: 2

LISTADO DE PROCESOS ACTIVOS:
ACTIVE PID: 1

CONTENIDO MEMORIA:
FRAME: 0 | PID: 1 | SEGMENTO: 1
HOLA
###########################################################################################################################################################################################################################################################################################################################################################################################################################################################################################################################################################################################################################################################################################################################################################################################################################################################################################################################################################################################################################################################
FRAME: 1 | PID: 1 | SEGMENTO: 2
################################################################################################################################################################################################################################################################################################################################################################################################################################################################################################################################################################################################################################################################################################################################################################################################################################################################################################################################################################################################################################################################




[DEBUG] 11:27:42:637 MEM/(7880:7880): NO ENCONTRE SEGMMENTO PARA LIBERAR.
[DEBUG] 11:27:42:637 MEM/(7880:7880): ENCONTRE SEGMENTOS PARA LIBERAR!
[DEBUG] 11:27:42:637 MEM/(7880:7880): NO ENCONTRE SEGMMENTO PARA LIBERAR.
[DEBUG] 11:27:42:637 MEM/(7880:7880): ENCONTRE SEGMENTOS PARA LIBERAR!
[DEBUG] 11:27:42:637 MEM/(7880:7880): SE LIBERA EL ID DEL PROCESO.
[INFO] 11:27:42:637 MEM/(7880:7880): Se generó el hilo para la consola.
[INFO] 11:27:42:637 MEM/(7880:7880): Socket creado correctamente.
[ERROR] 11:28:25:655 MEM/(7880:7880): No se pudo conectar al Servidor.
[INFO] 11:28:25:656 MEM/(7880:7880): ********* FIN DEL PROCESO FM9 *********
[INFO] 11:32:33:59 MEM/(8013:8013): *************** NUEVO LOG ***************
[INFO] 11:32:33:59 MEM/(8013:8013): Se abrió el archivo de configuración correctamente.
[INFO] 11:32:33:59 MEM/(8013:8013): PUERTO: 8000
[INFO] 11:32:33:59 MEM/(8013:8013): IP_FS: 192.168.1.2
[INFO] 11:32:33:59 MEM/(8013:8013): PUERTO_FS: 8001
[INFO] 11:32:33:59 MEM/(8013:8013): RETARDO_MEM: 600
[INFO] 11:32:33:59 MEM/(8013:8013): RETARDO_FS: 600
[INFO] 11:32:33:59 MEM/(8013:8013): TAM_MEM: 2048
[INFO] 11:32:33:59 MEM/(8013:8013): RETARDO_JOURNAL: 60000
[INFO] 11:32:33:59 MEM/(8013:8013): RETARDO_GOSSIPING: 30000
[INFO] 11:32:33:59 MEM/(8013:8013): MEMORY_NUMBER: 1
[DEBUG] 11:32:33:60 MEM/(8013:8013): segments-pages, pid = '1', n_frames = '10'
[DEBUG] 11:32:33:60 MEM/(8013:8013): NO TENGO FRAMES DISPONIBLES.
[DEBUG] 11:32:33:60 MEM/(8013:8013): segments-pages, pid = '1', n_frames = '1'
[DEBUG] 11:32:33:60 MEM/(8013:8013): TENGO FRAMES DISPONIBLES!
[DEBUG] 11:32:33:60 MEM/(8013:8013): adm_table_seg_new!
[DEBUG] 11:32:33:60 MEM/(8013:8013): get_free_frame!
[DEBUG] 11:32:33:60 MEM/(8013:8013): get_free_frame! 0
[DEBUG] 11:32:33:60 MEM/(8013:8013): known_paginas 1
[DEBUG] 11:32:33:60 MEM/(8013:8013): adm_table_pag_new!
[DEBUG] 11:32:33:60 MEM/(8013:8013): segments-pages, pid = '1', n_frames = '1'
[DEBUG] 11:32:33:60 MEM/(8013:8013): TENGO FRAMES DISPONIBLES!
[DEBUG] 11:32:33:60 MEM/(8013:8013): adm_table_seg_new!
[DEBUG] 11:32:33:60 MEM/(8013:8013): get_free_frame!
[DEBUG] 11:32:33:60 MEM/(8013:8013): get_free_frame! 1
[DEBUG] 11:32:33:60 MEM/(8013:8013): known_paginas 1
[DEBUG] 11:32:33:60 MEM/(8013:8013): adm_table_pag_new!
[DEBUG] 11:32:33:60 MEM/(8013:8013): NO ENCONTRE ESL SEGMENTO.
[DEBUG] 11:32:33:61 MEM/(8013:8013): ENCONTRE EL SEGMENTO!
[DEBUG] 11:32:33:61 MEM/(8013:8013): ENCONTRE EL SEGMENTO!
[DEBUG] 11:32:33:61 MEM/(8013:8013): NO ENCONTRE ESL SEGMENTO.
[DEBUG] 11:32:33:61 MEM/(8013:8013): NO ENCONTRE ESL SEGMENTO.
[DEBUG] 11:32:33:61 MEM/(8013:8013): ENCONTRE EL SEGMENTO!
[DEBUG] 11:32:33:61 MEM/(8013:8013): NO ENCONTRE ESL SEGMENTO.
[DEBUG] 11:32:33:61 MEM/(8013:8013): ENCONTRE EL SEGMENTO!
[DEBUG] 11:32:33:61 MEM/(8013:8013): NO ENCONTRE ESL SEGMENTO.
[DEBUG] 11:32:33:61 MEM/(8013:8013): NO ENCONTRE ESL SEGMENTO.
[DEBUG] 11:32:33:62 MEM/(8013:8013): 
>PID: 1

TABLA DE SEGMENTOS:
FRAME: 0 | PID: 1 | SEGMENTO: 1
FRAME: 1 | PID: 1 | SEGMENTO: 2

LISTADO DE PROCESOS ACTIVOS:
ACTIVE PID: 1

CONTENIDO MEMORIA:
FRAME: 0 | PID: 1 | SEGMENTO: 1
HOLA
###########################################################################################################################################################################################################################################################################################################################################################################################################################################################################################################################################################################################################################################################################################################################################################################################################################################################################################################################################################################################################################################################
FRAME: 1 | PID: 1 | SEGMENTO: 2
################################################################################################################################################################################################################################################################################################################################################################################################################################################################################################################################################################################################################################################################################################################################################################################################################################################################################################################################################################################################################################################################




[DEBUG] 11:32:33:63 MEM/(8013:8013): NO ENCONTRE SEGMMENTO PARA LIBERAR.
[DEBUG] 11:32:33:71 MEM/(8013:8013): ENCONTRE SEGMENTOS PARA LIBERAR!
[DEBUG] 11:32:33:72 MEM/(8013:8013): NO ENCONTRE SEGMMENTO PARA LIBERAR.
[DEBUG] 11:32:33:72 MEM/(8013:8013): ENCONTRE SEGMENTOS PARA LIBERAR!
[DEBUG] 11:32:33:72 MEM/(8013:8013): SE LIBERA EL ID DEL PROCESO.
[INFO] 11:32:33:72 MEM/(8013:8013): Se generó el hilo para la consola.
[INFO] 11:32:33:72 MEM/(8013:8013): Socket creado correctamente.
[ERROR] 11:34:00:215 MEM/(8013:8013): No se pudo conectar al Servidor.
[INFO] 11:34:00:215 MEM/(8013:8013): ********* FIN DEL PROCESO FM9 *********
